# Logfile created on 2016-08-23 16:09:55 -0300 by logger.rb/47272
  INFO ---------------------------------------------------------------------------
  INFO START 2016-08-23 16:09:55 -0300 cap production deploy
  INFO ---------------------------------------------------------------------------
 DEBUG [0f92a3de] Running [ -d ~/.rvm ] as alex@ak-seguros-site.kutzke.com.br
 DEBUG [0f92a3de] Command: [ -d ~/.rvm ]
  INFO ---------------------------------------------------------------------------
  INFO START 2016-08-23 16:15:35 -0300 cap production deploy
  INFO ---------------------------------------------------------------------------
 DEBUG [aaaa0f05] Running [ -d ~/.rvm ] as alex@ak-seguros-site.kutzke.com.br
 DEBUG [aaaa0f05] Command: [ -d ~/.rvm ]
  INFO ---------------------------------------------------------------------------
  INFO START 2016-08-23 16:15:52 -0300 cap production deploy
  INFO ---------------------------------------------------------------------------
 DEBUG [fefa6a52] Running [ -d ~/.rvm ] as alex@ak-seguros-site.kutzke.com.br
 DEBUG [fefa6a52] Command: [ -d ~/.rvm ]
  INFO ---------------------------------------------------------------------------
  INFO START 2016-08-23 16:16:01 -0300 cap production deploy
  INFO ---------------------------------------------------------------------------
 DEBUG [a0cff2ff] Running [ -d ~/.rvm ] as alex@ak-seguros-site.kutzke.com.br
 DEBUG [a0cff2ff] Command: [ -d ~/.rvm ]
  INFO ---------------------------------------------------------------------------
  INFO START 2016-08-23 16:17:57 -0300 cap production deploy
  INFO ---------------------------------------------------------------------------
 DEBUG [558b33df] Running [ -d ~/.rvm ] as alex@ak-seguros-site.kutzke.com.br
 DEBUG [558b33df] Command: [ -d ~/.rvm ]
  INFO ---------------------------------------------------------------------------
  INFO START 2016-08-23 16:18:02 -0300 cap production deploy
  INFO ---------------------------------------------------------------------------
 DEBUG [d8b1b884] Running [ -d ~/.rvm ] as alex@ak-seguros-site.kutzke.com.br
 DEBUG [d8b1b884] Command: [ -d ~/.rvm ]
  INFO ---------------------------------------------------------------------------
  INFO START 2016-08-23 16:18:05 -0300 cap production deploy
  INFO ---------------------------------------------------------------------------
 DEBUG [00d90e13] Running [ -d ~/.rvm ] as alex@ak-seguros-site.kutzke.com.br
 DEBUG [00d90e13] Command: [ -d ~/.rvm ]
  INFO ---------------------------------------------------------------------------
  INFO START 2016-08-23 16:18:09 -0300 cap production deploy
  INFO ---------------------------------------------------------------------------
 DEBUG [3ef2db59] Running [ -d ~/.rvm ] as alex@ak-seguros-site.kutzke.com.br
 DEBUG [3ef2db59] Command: [ -d ~/.rvm ]
  INFO ---------------------------------------------------------------------------
  INFO START 2016-08-23 16:18:12 -0300 cap production deploy
  INFO ---------------------------------------------------------------------------
 DEBUG [e4274de5] Running [ -d ~/.rvm ] as alex@ak-seguros-site.kutzke.com.br
 DEBUG [e4274de5] Command: [ -d ~/.rvm ]
 DEBUG [e4274de5] Finished in 1.931 seconds with exit status 0 (successful).
 DEBUG [c3f4f1fc] Running ~/.rvm/bin/rvm version as alex@ak-seguros-site.kutzke.com.br
 DEBUG [c3f4f1fc] Command: ~/.rvm/bin/rvm version
  INFO ---------------------------------------------------------------------------
  INFO START 2016-08-23 16:18:17 -0300 cap production deploy
  INFO ---------------------------------------------------------------------------
 DEBUG [0af8f29b] Running [ -d ~/.rvm ] as alex@ak-seguros-site.kutzke.com.br
 DEBUG [0af8f29b] Command: [ -d ~/.rvm ]
  INFO ---------------------------------------------------------------------------
  INFO START 2016-08-23 16:18:23 -0300 cap production deploy
  INFO ---------------------------------------------------------------------------
 DEBUG [bf822660] Running [ -d ~/.rvm ] as alex@ak-seguros-site.kutzke.com.br
 DEBUG [bf822660] Command: [ -d ~/.rvm ]
 DEBUG [bf822660] Finished in 1.663 seconds with exit status 0 (successful).
 DEBUG [8c5b7b08] Running ~/.rvm/bin/rvm version as alex@ak-seguros-site.kutzke.com.br
 DEBUG [8c5b7b08] Command: ~/.rvm/bin/rvm version
 DEBUG [8c5b7b08] 	rvm 1.27.0 (latest) by Wayne E. Seguin <wayneeseguin@gmail.com>, Michal Papis <mpapis@gmail.com> [https://rvm.io/]
 DEBUG [8c5b7b08] Finished in 2.099 seconds with exit status 0 (successful).
 DEBUG [f9e1c83c] Running ~/.rvm/bin/rvm current as alex@ak-seguros-site.kutzke.com.br
 DEBUG [f9e1c83c] Command: ~/.rvm/bin/rvm current
 DEBUG [f9e1c83c] 	ruby-2.1.1
 DEBUG [f9e1c83c] Finished in 0.773 seconds with exit status 0 (successful).
 DEBUG [aa0f037e] Running ~/.rvm/bin/rvm 2.2.3@ak-seguros-site do ruby --version as alex@ak-seguros-site.kutzke.com.br
 DEBUG [aa0f037e] Command: ~/.rvm/bin/rvm 2.2.3@ak-seguros-site do ruby --version
 DEBUG [aa0f037e] 	Gemset 'ak-seguros-site' does not exist, 'rvm ruby-2.2.3 do rvm gemset create ak-seguros-site' first, or append '--create'.
  INFO ---------------------------------------------------------------------------
  INFO START 2016-08-23 16:51:29 -0300 cap production deploy
  INFO ---------------------------------------------------------------------------
 DEBUG [6d004db4] Running [ -d ~/.rvm ] as alex@ak-seguros-site.kutzke.com.br
 DEBUG [6d004db4] Command: [ -d ~/.rvm ]
 DEBUG [6d004db4] Finished in 1.977 seconds with exit status 0 (successful).
 DEBUG [f646fbb0] Running ~/.rvm/bin/rvm version as alex@ak-seguros-site.kutzke.com.br
 DEBUG [f646fbb0] Command: ~/.rvm/bin/rvm version
 DEBUG [f646fbb0] 	rvm 1.27.0 (latest) by Wayne E. Seguin <wayneeseguin@gmail.com>, Michal Papis <mpapis@gmail.com> [https://rvm.io/]
 DEBUG [f646fbb0] Finished in 2.462 seconds with exit status 0 (successful).
 DEBUG [9bbb460c] Running ~/.rvm/bin/rvm current as alex@ak-seguros-site.kutzke.com.br
 DEBUG [9bbb460c] Command: ~/.rvm/bin/rvm current
 DEBUG [9bbb460c] 	ruby-2.1.1
 DEBUG [9bbb460c] Finished in 0.813 seconds with exit status 0 (successful).
 DEBUG [e7436905] Running ~/.rvm/bin/rvm 2.2.3@ak-seguros-site do ruby --version as alex@ak-seguros-site.kutzke.com.br
 DEBUG [e7436905] Command: ~/.rvm/bin/rvm 2.2.3@ak-seguros-site do ruby --version
 DEBUG [e7436905] 	ruby 2.2.3p173 (2015-08-18 revision 51636) [x86_64-linux]
 DEBUG [e7436905] Finished in 1.254 seconds with exit status 0 (successful).
  INFO [640ac991] Running /usr/bin/env mkdir -p /tmp as alex@ak-seguros-site.kutzke.com.br
 DEBUG [640ac991] Command: /usr/bin/env mkdir -p /tmp
  INFO [640ac991] Finished in 0.410 seconds with exit status 0 (successful).
 DEBUG Uploading /tmp/git-ssh-ak_seguros_site-production-alex.sh 0.0%
  INFO Uploading /tmp/git-ssh-ak_seguros_site-production-alex.sh 100.0%
  INFO [93c3ef35] Running /usr/bin/env chmod 700 /tmp/git-ssh-ak_seguros_site-production-alex.sh as alex@ak-seguros-site.kutzke.com.br
 DEBUG [93c3ef35] Command: /usr/bin/env chmod 700 /tmp/git-ssh-ak_seguros_site-production-alex.sh
  INFO [93c3ef35] Finished in 0.410 seconds with exit status 0 (successful).
  INFO [748e1d07] Running /usr/bin/env git ls-remote --heads git@github.com:johnkutzke/ak_seguros_site.git as alex@ak-seguros-site.kutzke.com.br
 DEBUG [748e1d07] Command: ( export GIT_ASKPASS="/bin/echo" GIT_SSH="/tmp/git-ssh-ak_seguros_site-production-alex.sh" ; /usr/bin/env git ls-remote --heads git@github.com:johnkutzke/ak_seguros_site.git )
 DEBUG [748e1d07] 	Warning: Permanently added the RSA host key for IP address '192.30.253.112' to the list of known hosts.
 DEBUG [748e1d07] 	2e45336f9a23da4c990a33037864cb18aaae0047	refs/heads/master
  INFO [748e1d07] Finished in 1.369 seconds with exit status 0 (successful).
  INFO [5b53dd08] Running /usr/bin/env mkdir -p /home/alex/deploy/ak_seguros_site/shared /home/alex/deploy/ak_seguros_site/releases as alex@ak-seguros-site.kutzke.com.br
 DEBUG [5b53dd08] Command: /usr/bin/env mkdir -p /home/alex/deploy/ak_seguros_site/shared /home/alex/deploy/ak_seguros_site/releases
  INFO [5b53dd08] Finished in 0.452 seconds with exit status 0 (successful).
  INFO [3752c516] Running /usr/bin/env mkdir -p /home/alex/deploy/ak_seguros_site/shared/log /home/alex/deploy/ak_seguros_site/shared/tmp/pids /home/alex/deploy/ak_seguros_site/shared/tmp/cache /home/alex/deploy/ak_seguros_site/shared/tmp/sockets /home/alex/deploy/ak_seguros_site/shared/public/system /home/alex/deploy/ak_seguros_site/shared/public/assets as alex@ak-seguros-site.kutzke.com.br
 DEBUG [3752c516] Command: /usr/bin/env mkdir -p /home/alex/deploy/ak_seguros_site/shared/log /home/alex/deploy/ak_seguros_site/shared/tmp/pids /home/alex/deploy/ak_seguros_site/shared/tmp/cache /home/alex/deploy/ak_seguros_site/shared/tmp/sockets /home/alex/deploy/ak_seguros_site/shared/public/system /home/alex/deploy/ak_seguros_site/shared/public/assets
  INFO [3752c516] Finished in 0.385 seconds with exit status 0 (successful).
  INFO [fca89839] Running /usr/bin/env mkdir -p /home/alex/deploy/ak_seguros_site/shared/config /home/alex/deploy/ak_seguros_site/shared/db as alex@ak-seguros-site.kutzke.com.br
 DEBUG [fca89839] Command: /usr/bin/env mkdir -p /home/alex/deploy/ak_seguros_site/shared/config /home/alex/deploy/ak_seguros_site/shared/db
  INFO [fca89839] Finished in 0.459 seconds with exit status 0 (successful).
 DEBUG [3ec8f9ec] Running [ -f /home/alex/deploy/ak_seguros_site/shared/config/database.yml ] as alex@ak-seguros-site.kutzke.com.br
 DEBUG [3ec8f9ec] Command: [ -f /home/alex/deploy/ak_seguros_site/shared/config/database.yml ]
 DEBUG [3ec8f9ec] Finished in 0.363 seconds with exit status 1 (failed).
 ERROR linked file /home/alex/deploy/ak_seguros_site/shared/config/database.yml does not exist on ak-seguros-site.kutzke.com.br
  INFO ---------------------------------------------------------------------------
  INFO START 2016-08-23 16:55:55 -0300 cap production deploy
  INFO ---------------------------------------------------------------------------
 DEBUG [9abcc8aa] Running [ -d ~/.rvm ] as alex@ak-seguros-site.kutzke.com.br
 DEBUG [9abcc8aa] Command: [ -d ~/.rvm ]
 DEBUG [9abcc8aa] Finished in 2.736 seconds with exit status 0 (successful).
 DEBUG [454022b9] Running ~/.rvm/bin/rvm version as alex@ak-seguros-site.kutzke.com.br
 DEBUG [454022b9] Command: ~/.rvm/bin/rvm version
 DEBUG [454022b9] 	rvm 1.27.0 (latest) by Wayne E. Seguin <wayneeseguin@gmail.com>, Michal Papis <mpapis@gmail.com> [https://rvm.io/]
 DEBUG [454022b9] Finished in 2.792 seconds with exit status 0 (successful).
 DEBUG [de109b74] Running ~/.rvm/bin/rvm current as alex@ak-seguros-site.kutzke.com.br
 DEBUG [de109b74] Command: ~/.rvm/bin/rvm current
 DEBUG [de109b74] 	ruby-2.1.1
 DEBUG [de109b74] Finished in 0.908 seconds with exit status 0 (successful).
 DEBUG [03085e5f] Running ~/.rvm/bin/rvm 2.2.3@ak-seguros-site do ruby --version as alex@ak-seguros-site.kutzke.com.br
 DEBUG [03085e5f] Command: ~/.rvm/bin/rvm 2.2.3@ak-seguros-site do ruby --version
 DEBUG [03085e5f] 	ruby 2.2.3p173 (2015-08-18 revision 51636) [x86_64-linux]
 DEBUG [03085e5f] Finished in 1.333 seconds with exit status 0 (successful).
  INFO [816ec166] Running /usr/bin/env mkdir -p /tmp as alex@ak-seguros-site.kutzke.com.br
 DEBUG [816ec166] Command: /usr/bin/env mkdir -p /tmp
  INFO [816ec166] Finished in 0.481 seconds with exit status 0 (successful).
 DEBUG Uploading /tmp/git-ssh-ak_seguros_site-production-alex.sh 0.0%
  INFO Uploading /tmp/git-ssh-ak_seguros_site-production-alex.sh 100.0%
  INFO [5f662e55] Running /usr/bin/env chmod 700 /tmp/git-ssh-ak_seguros_site-production-alex.sh as alex@ak-seguros-site.kutzke.com.br
 DEBUG [5f662e55] Command: /usr/bin/env chmod 700 /tmp/git-ssh-ak_seguros_site-production-alex.sh
  INFO [5f662e55] Finished in 0.415 seconds with exit status 0 (successful).
  INFO [9371a7f7] Running /usr/bin/env git ls-remote --heads git@github.com:johnkutzke/ak_seguros_site.git as alex@ak-seguros-site.kutzke.com.br
 DEBUG [9371a7f7] Command: ( export GIT_ASKPASS="/bin/echo" GIT_SSH="/tmp/git-ssh-ak_seguros_site-production-alex.sh" ; /usr/bin/env git ls-remote --heads git@github.com:johnkutzke/ak_seguros_site.git )
 DEBUG [9371a7f7] 	Warning: Permanently added the RSA host key for IP address '192.30.253.113' to the list of known hosts.
 DEBUG [9371a7f7] 	2e45336f9a23da4c990a33037864cb18aaae0047	refs/heads/master
  INFO [9371a7f7] Finished in 1.448 seconds with exit status 0 (successful).
  INFO [3af0a962] Running /usr/bin/env mkdir -p /home/alex/deploy/ak_seguros_site/shared /home/alex/deploy/ak_seguros_site/releases as alex@ak-seguros-site.kutzke.com.br
 DEBUG [3af0a962] Command: /usr/bin/env mkdir -p /home/alex/deploy/ak_seguros_site/shared /home/alex/deploy/ak_seguros_site/releases
  INFO [3af0a962] Finished in 0.609 seconds with exit status 0 (successful).
  INFO [95564a57] Running /usr/bin/env mkdir -p /home/alex/deploy/ak_seguros_site/shared/log /home/alex/deploy/ak_seguros_site/shared/tmp/pids /home/alex/deploy/ak_seguros_site/shared/tmp/cache /home/alex/deploy/ak_seguros_site/shared/tmp/sockets /home/alex/deploy/ak_seguros_site/shared/public/system /home/alex/deploy/ak_seguros_site/shared/public/assets as alex@ak-seguros-site.kutzke.com.br
 DEBUG [95564a57] Command: /usr/bin/env mkdir -p /home/alex/deploy/ak_seguros_site/shared/log /home/alex/deploy/ak_seguros_site/shared/tmp/pids /home/alex/deploy/ak_seguros_site/shared/tmp/cache /home/alex/deploy/ak_seguros_site/shared/tmp/sockets /home/alex/deploy/ak_seguros_site/shared/public/system /home/alex/deploy/ak_seguros_site/shared/public/assets
  INFO [95564a57] Finished in 0.405 seconds with exit status 0 (successful).
  INFO [1ea64cbe] Running /usr/bin/env mkdir -p /home/alex/deploy/ak_seguros_site/shared/config /home/alex/deploy/ak_seguros_site/shared/db as alex@ak-seguros-site.kutzke.com.br
 DEBUG [1ea64cbe] Command: /usr/bin/env mkdir -p /home/alex/deploy/ak_seguros_site/shared/config /home/alex/deploy/ak_seguros_site/shared/db
  INFO [1ea64cbe] Finished in 0.463 seconds with exit status 0 (successful).
 DEBUG [a65ff3e5] Running [ -f /home/alex/deploy/ak_seguros_site/shared/config/database.yml ] as alex@ak-seguros-site.kutzke.com.br
 DEBUG [a65ff3e5] Command: [ -f /home/alex/deploy/ak_seguros_site/shared/config/database.yml ]
 DEBUG [a65ff3e5] Finished in 0.378 seconds with exit status 1 (failed).
 ERROR linked file /home/alex/deploy/ak_seguros_site/shared/config/database.yml does not exist on ak-seguros-site.kutzke.com.br
  INFO ---------------------------------------------------------------------------
  INFO START 2016-08-23 17:23:17 -0300 cap production deploy
  INFO ---------------------------------------------------------------------------
 DEBUG [4f80c0fb] Running [ -d ~/.rvm ] as alex@ak-seguros-site.kutzke.com.br
 DEBUG [4f80c0fb] Command: [ -d ~/.rvm ]
 DEBUG [4f80c0fb] Finished in 2.562 seconds with exit status 0 (successful).
 DEBUG [5080bf7a] Running ~/.rvm/bin/rvm version as alex@ak-seguros-site.kutzke.com.br
 DEBUG [5080bf7a] Command: ~/.rvm/bin/rvm version
 DEBUG [5080bf7a] 	rvm 1.27.0 (latest) by Wayne E. Seguin <wayneeseguin@gmail.com>, Michal Papis <mpapis@gmail.com> [https://rvm.io/]
 DEBUG [5080bf7a] Finished in 2.444 seconds with exit status 0 (successful).
 DEBUG [fb101055] Running ~/.rvm/bin/rvm current as alex@ak-seguros-site.kutzke.com.br
 DEBUG [fb101055] Command: ~/.rvm/bin/rvm current
 DEBUG [fb101055] 	ruby-2.1.1
 DEBUG [fb101055] Finished in 0.848 seconds with exit status 0 (successful).
 DEBUG [65517851] Running ~/.rvm/bin/rvm 2.2.3@ak-seguros-site do ruby --version as alex@ak-seguros-site.kutzke.com.br
 DEBUG [65517851] Command: ~/.rvm/bin/rvm 2.2.3@ak-seguros-site do ruby --version
 DEBUG [65517851] 	ruby 2.2.3p173 (2015-08-18 revision 51636) [x86_64-linux]
 DEBUG [65517851] Finished in 0.960 seconds with exit status 0 (successful).
  INFO [a85a0356] Running /usr/bin/env mkdir -p /tmp as alex@ak-seguros-site.kutzke.com.br
 DEBUG [a85a0356] Command: /usr/bin/env mkdir -p /tmp
  INFO [a85a0356] Finished in 0.327 seconds with exit status 0 (successful).
 DEBUG Uploading /tmp/git-ssh-ak_seguros_site-production-alex.sh 0.0%
  INFO Uploading /tmp/git-ssh-ak_seguros_site-production-alex.sh 100.0%
  INFO [a7b764ec] Running /usr/bin/env chmod 700 /tmp/git-ssh-ak_seguros_site-production-alex.sh as alex@ak-seguros-site.kutzke.com.br
 DEBUG [a7b764ec] Command: /usr/bin/env chmod 700 /tmp/git-ssh-ak_seguros_site-production-alex.sh
  INFO [a7b764ec] Finished in 0.783 seconds with exit status 0 (successful).
  INFO [c91941f9] Running /usr/bin/env git ls-remote --heads git@github.com:johnkutzke/ak_seguros_site.git as alex@ak-seguros-site.kutzke.com.br
 DEBUG [c91941f9] Command: ( export GIT_ASKPASS="/bin/echo" GIT_SSH="/tmp/git-ssh-ak_seguros_site-production-alex.sh" ; /usr/bin/env git ls-remote --heads git@github.com:johnkutzke/ak_seguros_site.git )
 DEBUG [c91941f9] 	08cd41cbd0dea3d3d00b30bc6afdf4e2786f341d	refs/heads/master
  INFO [c91941f9] Finished in 1.060 seconds with exit status 0 (successful).
  INFO [bd1b1adc] Running /usr/bin/env mkdir -p /home/alex/deploy/ak_seguros_site/shared /home/alex/deploy/ak_seguros_site/releases as alex@ak-seguros-site.kutzke.com.br
 DEBUG [bd1b1adc] Command: /usr/bin/env mkdir -p /home/alex/deploy/ak_seguros_site/shared /home/alex/deploy/ak_seguros_site/releases
  INFO [bd1b1adc] Finished in 0.383 seconds with exit status 0 (successful).
  INFO [5e3f80ef] Running /usr/bin/env mkdir -p /home/alex/deploy/ak_seguros_site/shared/log /home/alex/deploy/ak_seguros_site/shared/tmp/pids /home/alex/deploy/ak_seguros_site/shared/tmp/cache /home/alex/deploy/ak_seguros_site/shared/tmp/sockets /home/alex/deploy/ak_seguros_site/shared/public/system /home/alex/deploy/ak_seguros_site/shared/public/assets as alex@ak-seguros-site.kutzke.com.br
 DEBUG [5e3f80ef] Command: /usr/bin/env mkdir -p /home/alex/deploy/ak_seguros_site/shared/log /home/alex/deploy/ak_seguros_site/shared/tmp/pids /home/alex/deploy/ak_seguros_site/shared/tmp/cache /home/alex/deploy/ak_seguros_site/shared/tmp/sockets /home/alex/deploy/ak_seguros_site/shared/public/system /home/alex/deploy/ak_seguros_site/shared/public/assets
  INFO [5e3f80ef] Finished in 0.322 seconds with exit status 0 (successful).
  INFO [9b9d7caa] Running /usr/bin/env mkdir -p /home/alex/deploy/ak_seguros_site/shared/config as alex@ak-seguros-site.kutzke.com.br
 DEBUG [9b9d7caa] Command: /usr/bin/env mkdir -p /home/alex/deploy/ak_seguros_site/shared/config
  INFO [9b9d7caa] Finished in 0.326 seconds with exit status 0 (successful).
 DEBUG [0d855858] Running [ -f /home/alex/deploy/ak_seguros_site/shared/config/database.yml ] as alex@ak-seguros-site.kutzke.com.br
 DEBUG [0d855858] Command: [ -f /home/alex/deploy/ak_seguros_site/shared/config/database.yml ]
 DEBUG [0d855858] Finished in 0.398 seconds with exit status 0 (successful).
 DEBUG [9f5e735e] Running [ -f /home/alex/deploy/ak_seguros_site/shared/config/secrets.yml ] as alex@ak-seguros-site.kutzke.com.br
 DEBUG [9f5e735e] Command: [ -f /home/alex/deploy/ak_seguros_site/shared/config/secrets.yml ]
 DEBUG [9f5e735e] Finished in 0.325 seconds with exit status 0 (successful).
 DEBUG [88a767af] Running [ -f /home/alex/deploy/ak_seguros_site/current/REVISION ] as alex@ak-seguros-site.kutzke.com.br
 DEBUG [88a767af] Command: [ -f /home/alex/deploy/ak_seguros_site/current/REVISION ]
 DEBUG [88a767af] Finished in 0.318 seconds with exit status 1 (failed).
 DEBUG [0f8edd86] Running [ -f /home/alex/deploy/ak_seguros_site/repo/HEAD ] as alex@ak-seguros-site.kutzke.com.br
 DEBUG [0f8edd86] Command: [ -f /home/alex/deploy/ak_seguros_site/repo/HEAD ]
 DEBUG [0f8edd86] Finished in 0.356 seconds with exit status 1 (failed).
 DEBUG [ce0e1cc2] Running if test ! -d /home/alex/deploy/ak_seguros_site; then echo "Directory does not exist '/home/alex/deploy/ak_seguros_site'" 1>&2; false; fi as alex@ak-seguros-site.kutzke.com.br
 DEBUG [ce0e1cc2] Command: if test ! -d /home/alex/deploy/ak_seguros_site; then echo "Directory does not exist '/home/alex/deploy/ak_seguros_site'" 1>&2; false; fi
 DEBUG [ce0e1cc2] Finished in 0.325 seconds with exit status 0 (successful).
  INFO [13e0b614] Running /usr/bin/env git clone --mirror git@github.com:johnkutzke/ak_seguros_site.git /home/alex/deploy/ak_seguros_site/repo as alex@ak-seguros-site.kutzke.com.br
 DEBUG [13e0b614] Command: cd /home/alex/deploy/ak_seguros_site && ( export GIT_ASKPASS="/bin/echo" GIT_SSH="/tmp/git-ssh-ak_seguros_site-production-alex.sh" ; /usr/bin/env git clone --mirror git@github.com:johnkutzke/ak_seguros_site.git /home/alex/deploy/ak_seguros_site/repo )
 DEBUG [13e0b614] 	Cloning into bare repository '/home/alex/deploy/ak_seguros_site/repo'...
  INFO [13e0b614] Finished in 4.906 seconds with exit status 0 (successful).
 DEBUG [372aa25b] Running if test ! -d /home/alex/deploy/ak_seguros_site/repo; then echo "Directory does not exist '/home/alex/deploy/ak_seguros_site/repo'" 1>&2; false; fi as alex@ak-seguros-site.kutzke.com.br
 DEBUG [372aa25b] Command: if test ! -d /home/alex/deploy/ak_seguros_site/repo; then echo "Directory does not exist '/home/alex/deploy/ak_seguros_site/repo'" 1>&2; false; fi
 DEBUG [372aa25b] Finished in 0.337 seconds with exit status 0 (successful).
  INFO [d2ab18e7] Running /usr/bin/env git remote update --prune as alex@ak-seguros-site.kutzke.com.br
 DEBUG [d2ab18e7] Command: cd /home/alex/deploy/ak_seguros_site/repo && ( export GIT_ASKPASS="/bin/echo" GIT_SSH="/tmp/git-ssh-ak_seguros_site-production-alex.sh" ; /usr/bin/env git remote update --prune )
 DEBUG [d2ab18e7] 	Fetching origin
  INFO [d2ab18e7] Finished in 1.013 seconds with exit status 0 (successful).
 DEBUG [c77fda6f] Running if test ! -d /home/alex/deploy/ak_seguros_site/repo; then echo "Directory does not exist '/home/alex/deploy/ak_seguros_site/repo'" 1>&2; false; fi as alex@ak-seguros-site.kutzke.com.br
 DEBUG [c77fda6f] Command: if test ! -d /home/alex/deploy/ak_seguros_site/repo; then echo "Directory does not exist '/home/alex/deploy/ak_seguros_site/repo'" 1>&2; false; fi
 DEBUG [c77fda6f] Finished in 0.358 seconds with exit status 0 (successful).
  INFO [082f83b3] Running /usr/bin/env mkdir -p /home/alex/deploy/ak_seguros_site/releases/20160823202330 as alex@ak-seguros-site.kutzke.com.br
 DEBUG [082f83b3] Command: cd /home/alex/deploy/ak_seguros_site/repo && ( export GIT_ASKPASS="/bin/echo" GIT_SSH="/tmp/git-ssh-ak_seguros_site-production-alex.sh" ; /usr/bin/env mkdir -p /home/alex/deploy/ak_seguros_site/releases/20160823202330 )
  INFO [082f83b3] Finished in 0.324 seconds with exit status 0 (successful).
  INFO [37464358] Running /usr/bin/env git archive master | tar -x -f - -C /home/alex/deploy/ak_seguros_site/releases/20160823202330 as alex@ak-seguros-site.kutzke.com.br
 DEBUG [37464358] Command: cd /home/alex/deploy/ak_seguros_site/repo && ( export GIT_ASKPASS="/bin/echo" GIT_SSH="/tmp/git-ssh-ak_seguros_site-production-alex.sh" ; /usr/bin/env git archive master | tar -x -f - -C /home/alex/deploy/ak_seguros_site/releases/20160823202330 )
  INFO [37464358] Finished in 1.609 seconds with exit status 0 (successful).
 DEBUG [3a68ef01] Running if test ! -d /home/alex/deploy/ak_seguros_site/repo; then echo "Directory does not exist '/home/alex/deploy/ak_seguros_site/repo'" 1>&2; false; fi as alex@ak-seguros-site.kutzke.com.br
 DEBUG [3a68ef01] Command: if test ! -d /home/alex/deploy/ak_seguros_site/repo; then echo "Directory does not exist '/home/alex/deploy/ak_seguros_site/repo'" 1>&2; false; fi
 DEBUG [3a68ef01] Finished in 0.336 seconds with exit status 0 (successful).
 DEBUG [760982f3] Running /usr/bin/env git rev-list --max-count=1 master as alex@ak-seguros-site.kutzke.com.br
 DEBUG [760982f3] Command: cd /home/alex/deploy/ak_seguros_site/repo && ( export GIT_ASKPASS="/bin/echo" GIT_SSH="/tmp/git-ssh-ak_seguros_site-production-alex.sh" ; /usr/bin/env git rev-list --max-count=1 master )
 DEBUG [760982f3] 	08cd41cbd0dea3d3d00b30bc6afdf4e2786f341d
 DEBUG [760982f3] Finished in 0.554 seconds with exit status 0 (successful).
 DEBUG [e1fd3234] Running if test ! -d /home/alex/deploy/ak_seguros_site/releases/20160823202330; then echo "Directory does not exist '/home/alex/deploy/ak_seguros_site/releases/20160823202330'" 1>&2; false; fi as alex@ak-seguros-site.kutzke.com.br
 DEBUG [e1fd3234] Command: if test ! -d /home/alex/deploy/ak_seguros_site/releases/20160823202330; then echo "Directory does not exist '/home/alex/deploy/ak_seguros_site/releases/20160823202330'" 1>&2; false; fi
 DEBUG [e1fd3234] Finished in 0.346 seconds with exit status 0 (successful).
  INFO [f7da4f9f] Running /usr/bin/env echo "08cd41cbd0dea3d3d00b30bc6afdf4e2786f341d" >> REVISION as alex@ak-seguros-site.kutzke.com.br
 DEBUG [f7da4f9f] Command: cd /home/alex/deploy/ak_seguros_site/releases/20160823202330 && /usr/bin/env echo "08cd41cbd0dea3d3d00b30bc6afdf4e2786f341d" >> REVISION
  INFO [f7da4f9f] Finished in 0.340 seconds with exit status 0 (successful).
  INFO [a405aabe] Running /usr/bin/env mkdir -p /home/alex/deploy/ak_seguros_site/releases/20160823202330/config as alex@ak-seguros-site.kutzke.com.br
 DEBUG [a405aabe] Command: /usr/bin/env mkdir -p /home/alex/deploy/ak_seguros_site/releases/20160823202330/config
  INFO [a405aabe] Finished in 0.348 seconds with exit status 0 (successful).
 DEBUG [c6b1d0cb] Running [ -L /home/alex/deploy/ak_seguros_site/releases/20160823202330/config/database.yml ] as alex@ak-seguros-site.kutzke.com.br
 DEBUG [c6b1d0cb] Command: [ -L /home/alex/deploy/ak_seguros_site/releases/20160823202330/config/database.yml ]
 DEBUG [c6b1d0cb] Finished in 0.329 seconds with exit status 1 (failed).
 DEBUG [f4714a2d] Running [ -f /home/alex/deploy/ak_seguros_site/releases/20160823202330/config/database.yml ] as alex@ak-seguros-site.kutzke.com.br
 DEBUG [f4714a2d] Command: [ -f /home/alex/deploy/ak_seguros_site/releases/20160823202330/config/database.yml ]
 DEBUG [f4714a2d] Finished in 0.322 seconds with exit status 0 (successful).
  INFO [b2e92871] Running /usr/bin/env rm /home/alex/deploy/ak_seguros_site/releases/20160823202330/config/database.yml as alex@ak-seguros-site.kutzke.com.br
 DEBUG [b2e92871] Command: /usr/bin/env rm /home/alex/deploy/ak_seguros_site/releases/20160823202330/config/database.yml
  INFO [b2e92871] Finished in 0.322 seconds with exit status 0 (successful).
  INFO [7c1a8269] Running /usr/bin/env ln -s /home/alex/deploy/ak_seguros_site/shared/config/database.yml /home/alex/deploy/ak_seguros_site/releases/20160823202330/config/database.yml as alex@ak-seguros-site.kutzke.com.br
 DEBUG [7c1a8269] Command: /usr/bin/env ln -s /home/alex/deploy/ak_seguros_site/shared/config/database.yml /home/alex/deploy/ak_seguros_site/releases/20160823202330/config/database.yml
  INFO [7c1a8269] Finished in 0.317 seconds with exit status 0 (successful).
 DEBUG [d5167727] Running [ -L /home/alex/deploy/ak_seguros_site/releases/20160823202330/config/secrets.yml ] as alex@ak-seguros-site.kutzke.com.br
 DEBUG [d5167727] Command: [ -L /home/alex/deploy/ak_seguros_site/releases/20160823202330/config/secrets.yml ]
 DEBUG [d5167727] Finished in 0.313 seconds with exit status 1 (failed).
 DEBUG [31d99339] Running [ -f /home/alex/deploy/ak_seguros_site/releases/20160823202330/config/secrets.yml ] as alex@ak-seguros-site.kutzke.com.br
 DEBUG [31d99339] Command: [ -f /home/alex/deploy/ak_seguros_site/releases/20160823202330/config/secrets.yml ]
 DEBUG [31d99339] Finished in 0.311 seconds with exit status 0 (successful).
  INFO [de4c1635] Running /usr/bin/env rm /home/alex/deploy/ak_seguros_site/releases/20160823202330/config/secrets.yml as alex@ak-seguros-site.kutzke.com.br
 DEBUG [de4c1635] Command: /usr/bin/env rm /home/alex/deploy/ak_seguros_site/releases/20160823202330/config/secrets.yml
  INFO [de4c1635] Finished in 0.314 seconds with exit status 0 (successful).
  INFO [8b1a389c] Running /usr/bin/env ln -s /home/alex/deploy/ak_seguros_site/shared/config/secrets.yml /home/alex/deploy/ak_seguros_site/releases/20160823202330/config/secrets.yml as alex@ak-seguros-site.kutzke.com.br
 DEBUG [8b1a389c] Command: /usr/bin/env ln -s /home/alex/deploy/ak_seguros_site/shared/config/secrets.yml /home/alex/deploy/ak_seguros_site/releases/20160823202330/config/secrets.yml
  INFO [8b1a389c] Finished in 0.311 seconds with exit status 0 (successful).
  INFO [fd248711] Running /usr/bin/env mkdir -p /home/alex/deploy/ak_seguros_site/releases/20160823202330 /home/alex/deploy/ak_seguros_site/releases/20160823202330/tmp /home/alex/deploy/ak_seguros_site/releases/20160823202330/public as alex@ak-seguros-site.kutzke.com.br
 DEBUG [fd248711] Command: /usr/bin/env mkdir -p /home/alex/deploy/ak_seguros_site/releases/20160823202330 /home/alex/deploy/ak_seguros_site/releases/20160823202330/tmp /home/alex/deploy/ak_seguros_site/releases/20160823202330/public
  INFO [fd248711] Finished in 0.374 seconds with exit status 0 (successful).
 DEBUG [aad09311] Running [ -L /home/alex/deploy/ak_seguros_site/releases/20160823202330/log ] as alex@ak-seguros-site.kutzke.com.br
 DEBUG [aad09311] Command: [ -L /home/alex/deploy/ak_seguros_site/releases/20160823202330/log ]
 DEBUG [aad09311] Finished in 0.312 seconds with exit status 1 (failed).
 DEBUG [ab4028e8] Running [ -d /home/alex/deploy/ak_seguros_site/releases/20160823202330/log ] as alex@ak-seguros-site.kutzke.com.br
 DEBUG [ab4028e8] Command: [ -d /home/alex/deploy/ak_seguros_site/releases/20160823202330/log ]
 DEBUG [ab4028e8] Finished in 0.314 seconds with exit status 0 (successful).
  INFO [aff32ad7] Running /usr/bin/env rm -rf /home/alex/deploy/ak_seguros_site/releases/20160823202330/log as alex@ak-seguros-site.kutzke.com.br
 DEBUG [aff32ad7] Command: /usr/bin/env rm -rf /home/alex/deploy/ak_seguros_site/releases/20160823202330/log
  INFO [aff32ad7] Finished in 0.829 seconds with exit status 0 (successful).
  INFO [6d4f20c2] Running /usr/bin/env ln -s /home/alex/deploy/ak_seguros_site/shared/log /home/alex/deploy/ak_seguros_site/releases/20160823202330/log as alex@ak-seguros-site.kutzke.com.br
 DEBUG [6d4f20c2] Command: /usr/bin/env ln -s /home/alex/deploy/ak_seguros_site/shared/log /home/alex/deploy/ak_seguros_site/releases/20160823202330/log
  INFO [6d4f20c2] Finished in 0.312 seconds with exit status 0 (successful).
 DEBUG [3ad6bca2] Running [ -L /home/alex/deploy/ak_seguros_site/releases/20160823202330/tmp/pids ] as alex@ak-seguros-site.kutzke.com.br
 DEBUG [3ad6bca2] Command: [ -L /home/alex/deploy/ak_seguros_site/releases/20160823202330/tmp/pids ]
 DEBUG [3ad6bca2] Finished in 0.315 seconds with exit status 1 (failed).
 DEBUG [2524d99e] Running [ -d /home/alex/deploy/ak_seguros_site/releases/20160823202330/tmp/pids ] as alex@ak-seguros-site.kutzke.com.br
 DEBUG [2524d99e] Command: [ -d /home/alex/deploy/ak_seguros_site/releases/20160823202330/tmp/pids ]
 DEBUG [2524d99e] Finished in 0.313 seconds with exit status 1 (failed).
  INFO [6cb88cf9] Running /usr/bin/env ln -s /home/alex/deploy/ak_seguros_site/shared/tmp/pids /home/alex/deploy/ak_seguros_site/releases/20160823202330/tmp/pids as alex@ak-seguros-site.kutzke.com.br
 DEBUG [6cb88cf9] Command: /usr/bin/env ln -s /home/alex/deploy/ak_seguros_site/shared/tmp/pids /home/alex/deploy/ak_seguros_site/releases/20160823202330/tmp/pids
  INFO [6cb88cf9] Finished in 0.311 seconds with exit status 0 (successful).
 DEBUG [31f616c8] Running [ -L /home/alex/deploy/ak_seguros_site/releases/20160823202330/tmp/cache ] as alex@ak-seguros-site.kutzke.com.br
 DEBUG [31f616c8] Command: [ -L /home/alex/deploy/ak_seguros_site/releases/20160823202330/tmp/cache ]
 DEBUG [31f616c8] Finished in 0.308 seconds with exit status 1 (failed).
 DEBUG [3d7e929b] Running [ -d /home/alex/deploy/ak_seguros_site/releases/20160823202330/tmp/cache ] as alex@ak-seguros-site.kutzke.com.br
 DEBUG [3d7e929b] Command: [ -d /home/alex/deploy/ak_seguros_site/releases/20160823202330/tmp/cache ]
 DEBUG [3d7e929b] Finished in 0.312 seconds with exit status 0 (successful).
  INFO [018177d1] Running /usr/bin/env rm -rf /home/alex/deploy/ak_seguros_site/releases/20160823202330/tmp/cache as alex@ak-seguros-site.kutzke.com.br
 DEBUG [018177d1] Command: /usr/bin/env rm -rf /home/alex/deploy/ak_seguros_site/releases/20160823202330/tmp/cache
  INFO [018177d1] Finished in 0.975 seconds with exit status 0 (successful).
  INFO [ae4f6f93] Running /usr/bin/env ln -s /home/alex/deploy/ak_seguros_site/shared/tmp/cache /home/alex/deploy/ak_seguros_site/releases/20160823202330/tmp/cache as alex@ak-seguros-site.kutzke.com.br
 DEBUG [ae4f6f93] Command: /usr/bin/env ln -s /home/alex/deploy/ak_seguros_site/shared/tmp/cache /home/alex/deploy/ak_seguros_site/releases/20160823202330/tmp/cache
  INFO [ae4f6f93] Finished in 0.323 seconds with exit status 0 (successful).
 DEBUG [9b9c65b9] Running [ -L /home/alex/deploy/ak_seguros_site/releases/20160823202330/tmp/sockets ] as alex@ak-seguros-site.kutzke.com.br
 DEBUG [9b9c65b9] Command: [ -L /home/alex/deploy/ak_seguros_site/releases/20160823202330/tmp/sockets ]
 DEBUG [9b9c65b9] Finished in 0.325 seconds with exit status 1 (failed).
 DEBUG [b62dabb2] Running [ -d /home/alex/deploy/ak_seguros_site/releases/20160823202330/tmp/sockets ] as alex@ak-seguros-site.kutzke.com.br
 DEBUG [b62dabb2] Command: [ -d /home/alex/deploy/ak_seguros_site/releases/20160823202330/tmp/sockets ]
 DEBUG [b62dabb2] Finished in 0.310 seconds with exit status 1 (failed).
  INFO [a6f6a037] Running /usr/bin/env ln -s /home/alex/deploy/ak_seguros_site/shared/tmp/sockets /home/alex/deploy/ak_seguros_site/releases/20160823202330/tmp/sockets as alex@ak-seguros-site.kutzke.com.br
 DEBUG [a6f6a037] Command: /usr/bin/env ln -s /home/alex/deploy/ak_seguros_site/shared/tmp/sockets /home/alex/deploy/ak_seguros_site/releases/20160823202330/tmp/sockets
  INFO [a6f6a037] Finished in 0.314 seconds with exit status 0 (successful).
 DEBUG [22e9852a] Running [ -L /home/alex/deploy/ak_seguros_site/releases/20160823202330/public/system ] as alex@ak-seguros-site.kutzke.com.br
 DEBUG [22e9852a] Command: [ -L /home/alex/deploy/ak_seguros_site/releases/20160823202330/public/system ]
 DEBUG [22e9852a] Finished in 0.310 seconds with exit status 1 (failed).
 DEBUG [7d810cf8] Running [ -d /home/alex/deploy/ak_seguros_site/releases/20160823202330/public/system ] as alex@ak-seguros-site.kutzke.com.br
 DEBUG [7d810cf8] Command: [ -d /home/alex/deploy/ak_seguros_site/releases/20160823202330/public/system ]
 DEBUG [7d810cf8] Finished in 0.310 seconds with exit status 1 (failed).
  INFO [eb10ad24] Running /usr/bin/env ln -s /home/alex/deploy/ak_seguros_site/shared/public/system /home/alex/deploy/ak_seguros_site/releases/20160823202330/public/system as alex@ak-seguros-site.kutzke.com.br
 DEBUG [eb10ad24] Command: /usr/bin/env ln -s /home/alex/deploy/ak_seguros_site/shared/public/system /home/alex/deploy/ak_seguros_site/releases/20160823202330/public/system
  INFO [eb10ad24] Finished in 0.314 seconds with exit status 0 (successful).
 DEBUG [22f641cc] Running [ -L /home/alex/deploy/ak_seguros_site/releases/20160823202330/public/assets ] as alex@ak-seguros-site.kutzke.com.br
 DEBUG [22f641cc] Command: [ -L /home/alex/deploy/ak_seguros_site/releases/20160823202330/public/assets ]
 DEBUG [22f641cc] Finished in 0.310 seconds with exit status 1 (failed).
 DEBUG [e73a04f3] Running [ -d /home/alex/deploy/ak_seguros_site/releases/20160823202330/public/assets ] as alex@ak-seguros-site.kutzke.com.br
 DEBUG [e73a04f3] Command: [ -d /home/alex/deploy/ak_seguros_site/releases/20160823202330/public/assets ]
 DEBUG [e73a04f3] Finished in 0.318 seconds with exit status 1 (failed).
  INFO [549d7994] Running /usr/bin/env ln -s /home/alex/deploy/ak_seguros_site/shared/public/assets /home/alex/deploy/ak_seguros_site/releases/20160823202330/public/assets as alex@ak-seguros-site.kutzke.com.br
 DEBUG [549d7994] Command: /usr/bin/env ln -s /home/alex/deploy/ak_seguros_site/shared/public/assets /home/alex/deploy/ak_seguros_site/releases/20160823202330/public/assets
  INFO [549d7994] Finished in 0.308 seconds with exit status 0 (successful).
 DEBUG [d659af46] Running if test ! -d /home/alex/deploy/ak_seguros_site/releases/20160823202330; then echo "Directory does not exist '/home/alex/deploy/ak_seguros_site/releases/20160823202330'" 1>&2; false; fi as alex@ak-seguros-site.kutzke.com.br
 DEBUG [d659af46] Command: if test ! -d /home/alex/deploy/ak_seguros_site/releases/20160823202330; then echo "Directory does not exist '/home/alex/deploy/ak_seguros_site/releases/20160823202330'" 1>&2; false; fi
 DEBUG [d659af46] Finished in 0.314 seconds with exit status 0 (successful).
  INFO [456ca335] Running ~/.rvm/bin/rvm 2.2.3@ak-seguros-site do bundle install --path /home/alex/deploy/ak_seguros_site/shared/bundle --without development test --deployment --quiet as alex@ak-seguros-site.kutzke.com.br
 DEBUG [456ca335] Command: cd /home/alex/deploy/ak_seguros_site/releases/20160823202330 && ~/.rvm/bin/rvm 2.2.3@ak-seguros-site do bundle install --path /home/alex/deploy/ak_seguros_site/shared/bundle --without development test --deployment --quiet
  INFO [456ca335] Finished in 145.154 seconds with exit status 0 (successful).
 DEBUG [8b7b5338] Running if test ! -d /home/alex/deploy/ak_seguros_site/releases/20160823202330; then echo "Directory does not exist '/home/alex/deploy/ak_seguros_site/releases/20160823202330'" 1>&2; false; fi as alex@ak-seguros-site.kutzke.com.br
 DEBUG [8b7b5338] Command: if test ! -d /home/alex/deploy/ak_seguros_site/releases/20160823202330; then echo "Directory does not exist '/home/alex/deploy/ak_seguros_site/releases/20160823202330'" 1>&2; false; fi
 DEBUG [8b7b5338] Finished in 0.331 seconds with exit status 0 (successful).
  INFO [c3dfe408] Running ~/.rvm/bin/rvm 2.2.3@ak-seguros-site do bundle exec rake assets:precompile as alex@ak-seguros-site.kutzke.com.br
 DEBUG [c3dfe408] Command: cd /home/alex/deploy/ak_seguros_site/releases/20160823202330 && ( export RAILS_ENV="production" ; ~/.rvm/bin/rvm 2.2.3@ak-seguros-site do bundle exec rake assets:precompile )
 DEBUG [c3dfe408] 	rake aborted!
 DEBUG [c3dfe408] 	LoadError: cannot load such file -- byebug
 DEBUG [c3dfe408] 	/home/alex/deploy/ak_seguros_site/shared/bundle/ruby/2.2.0/gems/activesupport-5.0.0/lib/active_support/dependencies.rb:293:in `require'
/home/alex/deploy/ak_seguros_site/shared/bundle/ruby/2.2.0/gems/activesupport-5.0.0/lib/active_support/dependencies.rb:293:in `block in require'
/home/alex/deploy/ak_seguros_site/shared/bundle/ruby/2.2.0/gems/activesupport-5.0.0/lib/active_support/dependencies.rb:259:in `load_dependency'
/home/alex/deploy/ak_seguros_site/shared/bundle/ruby/2.2.0/gems/activesupport-5.0.0/lib/active_support/dependencies.rb:293:in `require'
/home/alex/deploy/ak_seguros_site/shared/bundle/ruby/2.2.0/gems/fipe_api-0.3.0/lib/fipe_api.rb:1:in `<top (required)>'
/home/alex/.rvm/gems/ruby-2.2.3@ak-seguros-site/gems/bundler-1.12.5/lib/bundler/runtime.rb:86:in `require'
/home/alex/.rvm/gems/ruby-2.2.3@ak-seguros-site/gems/bundler-1.12.5/lib/bundler/runtime.rb:86:in `block (2 levels) in require'
/home/alex/.rvm/gems/ruby-2.2.3@ak-seguros-site/gems/bundler-1.12.5/lib/bundler/runtime.rb:81:in `each'
/home/alex/.rvm/gems/ruby-2.2.3@ak-seguros-site/gems/bundler-1.12.5/lib/bundler/runtime.rb:81:in `block in require'
/home/alex/.rvm/gems/ruby-2.2.3@ak-seguros-site/gems/bundler-1.12.5/lib/bundler/runtime.rb:70:in `each'
/home/alex/.rvm/gems/ruby-2.2.3@ak-seguros-site/gems/bundler-1.12.5/lib/bundler/runtime.rb:70:in `require'
/home/alex/.rvm/gems/ruby-2.2.3@ak-seguros-site/gems/bundler-1.12.5/lib/bundler.rb:102:in `require'
/home/alex/deploy/ak_seguros_site/releases/20160823202330/config/application.rb:7:in `<top (required)>'
/home/alex/deploy/ak_seguros_site/releases/20160823202330/Rakefile:4:in `require_relative'
/home/alex/deploy/ak_seguros_site/releases/20160823202330/Rakefile:4:in `<top (required)>'
/home/alex/deploy/ak_seguros_site/shared/bundle/ruby/2.2.0/gems/rake-11.2.2/exe/rake:27:in `<top (required)>'
/home/alex/.rvm/gems/ruby-2.2.3@ak-seguros-site/gems/bundler-1.12.5/lib/bundler/cli/exec.rb:63:in `load'
/home/alex/.rvm/gems/ruby-2.2.3@ak-seguros-site/gems/bundler-1.12.5/lib/bundler/cli/exec.rb:63:in `kernel_load'
/home/alex/.rvm/gems/ruby-2.2.3@ak-seguros-site/gems/bundler-1.12.5/lib/bundler/cli/exec.rb:24:in `run'
/home/alex/.rvm/gems/ruby-2.2.3@ak-seguros-site/gems/bundler-1.12.5/lib/bundler/cli.rb:304:in `exec'
/home/alex/.rvm/gems/ruby-2.2.3@ak-seguros-site/gems/bundler-1.12.5/lib/bundler/vendor/thor/lib/thor/command.rb:27:in `run'
/home/alex/.rvm/gems/ruby-2.2.3@ak-seguros-site/gems/bundler-1.12.5/lib/bundler/vendor/thor/lib/thor/invocation.rb:126:in `invoke_command'
/home/alex/.rvm/gems/ruby-2.2.3@ak-seguros-site/gems/bundler-1.12.5/lib/bundler/vendor/thor/lib/thor.rb:359:in `dispatch'
/home/alex/.rvm/gems/ruby-2.2.3@ak-seguros-site/gems/bundler-1.12.5/lib/bundler/vendor/thor/lib/thor/base.rb:440:in `start'
/home/alex/.rvm/gems/ruby-2.2.3@ak-seguros-site/gems/bundler-1.12.5/lib/bundler/cli.rb:11:in `start'
/home/alex/.rvm/gems/ruby-2.2.3@ak-seguros-site/gems/bundler-1.12.5/exe/bundle:27:in `block in <top (required)>'
/home/alex/.rvm/gems/ruby-2.2.3@ak-seguros-site/gems/bundler-1.12.5/lib/bundler/friendly_errors.rb:98:in `with_friendly_errors'
/home/alex/.rvm/gems/ruby-2.2.3@ak-seguros-site/gems/bundler-1.12.5/exe/bundle:19:in `<top (required)>'
/home/alex/.rvm/gems/ruby-2.2.3@ak-seguros-site/bin/bundle:23:in `load'
/home/alex/.rvm/gems/ruby-2.2.3@ak-seguros-site/bin/bundle:23:in `<main>'
/home/alex/.rvm/gems/ruby-2.2.3@ak-seguros-site/bin/ruby_executable_hooks:15:in `eval'
/home/alex/.rvm/gems/ruby-2.2.3@ak-seguros-site/bin/ruby_executable_hooks:15:in `<main>'
 DEBUG [c3dfe408] 	(See full trace by running task with --trace)
  INFO ---------------------------------------------------------------------------
  INFO START 2016-08-23 17:51:02 -0300 cap production deploy
  INFO ---------------------------------------------------------------------------
 DEBUG [c3be44ca] Running [ -d ~/.rvm ] as alex@ak-seguros-site.kutzke.com.br
 DEBUG [c3be44ca] Command: [ -d ~/.rvm ]
 DEBUG [c3be44ca] Finished in 2.756 seconds with exit status 0 (successful).
 DEBUG [c99f1736] Running ~/.rvm/bin/rvm version as alex@ak-seguros-site.kutzke.com.br
 DEBUG [c99f1736] Command: ~/.rvm/bin/rvm version
 DEBUG [c99f1736] 	rvm 1.27.0 (latest) by Wayne E. Seguin <wayneeseguin@gmail.com>, Michal Papis <mpapis@gmail.com> [https://rvm.io/]
 DEBUG [c99f1736] Finished in 3.495 seconds with exit status 0 (successful).
 DEBUG [f298bf15] Running ~/.rvm/bin/rvm current as alex@ak-seguros-site.kutzke.com.br
 DEBUG [f298bf15] Command: ~/.rvm/bin/rvm current
 DEBUG [f298bf15] 	ruby-2.1.1
 DEBUG [f298bf15] Finished in 0.818 seconds with exit status 0 (successful).
 DEBUG [8db80bac] Running ~/.rvm/bin/rvm 2.2.3@ak-seguros-site do ruby --version as alex@ak-seguros-site.kutzke.com.br
 DEBUG [8db80bac] Command: ~/.rvm/bin/rvm 2.2.3@ak-seguros-site do ruby --version
 DEBUG [8db80bac] 	ruby 2.2.3p173 (2015-08-18 revision 51636) [x86_64-linux]
 DEBUG [8db80bac] Finished in 0.840 seconds with exit status 0 (successful).
  INFO [8e46bede] Running /usr/bin/env mkdir -p /tmp as alex@ak-seguros-site.kutzke.com.br
 DEBUG [8e46bede] Command: /usr/bin/env mkdir -p /tmp
  INFO [8e46bede] Finished in 0.438 seconds with exit status 0 (successful).
 DEBUG Uploading /tmp/git-ssh-ak_seguros_site-production-alex.sh 0.0%
  INFO Uploading /tmp/git-ssh-ak_seguros_site-production-alex.sh 100.0%
  INFO [7e7497ec] Running /usr/bin/env chmod 700 /tmp/git-ssh-ak_seguros_site-production-alex.sh as alex@ak-seguros-site.kutzke.com.br
 DEBUG [7e7497ec] Command: /usr/bin/env chmod 700 /tmp/git-ssh-ak_seguros_site-production-alex.sh
  INFO [7e7497ec] Finished in 0.430 seconds with exit status 0 (successful).
  INFO [969e61c9] Running /usr/bin/env git ls-remote --heads git@github.com:johnkutzke/ak_seguros_site.git as alex@ak-seguros-site.kutzke.com.br
 DEBUG [969e61c9] Command: ( export GIT_ASKPASS="/bin/echo" GIT_SSH="/tmp/git-ssh-ak_seguros_site-production-alex.sh" ; /usr/bin/env git ls-remote --heads git@github.com:johnkutzke/ak_seguros_site.git )
 DEBUG [969e61c9] 	d6bd6b0a437421e7979349ea2d560a6c97571a5b	refs/heads/master
  INFO [969e61c9] Finished in 1.306 seconds with exit status 0 (successful).
  INFO [25ad38ee] Running /usr/bin/env mkdir -p /home/alex/deploy/ak_seguros_site/shared /home/alex/deploy/ak_seguros_site/releases as alex@ak-seguros-site.kutzke.com.br
 DEBUG [25ad38ee] Command: /usr/bin/env mkdir -p /home/alex/deploy/ak_seguros_site/shared /home/alex/deploy/ak_seguros_site/releases
  INFO [25ad38ee] Finished in 0.526 seconds with exit status 0 (successful).
  INFO [2f74c061] Running /usr/bin/env mkdir -p /home/alex/deploy/ak_seguros_site/shared/log /home/alex/deploy/ak_seguros_site/shared/tmp/pids /home/alex/deploy/ak_seguros_site/shared/tmp/cache /home/alex/deploy/ak_seguros_site/shared/tmp/sockets /home/alex/deploy/ak_seguros_site/shared/public/system /home/alex/deploy/ak_seguros_site/shared/public/assets as alex@ak-seguros-site.kutzke.com.br
 DEBUG [2f74c061] Command: /usr/bin/env mkdir -p /home/alex/deploy/ak_seguros_site/shared/log /home/alex/deploy/ak_seguros_site/shared/tmp/pids /home/alex/deploy/ak_seguros_site/shared/tmp/cache /home/alex/deploy/ak_seguros_site/shared/tmp/sockets /home/alex/deploy/ak_seguros_site/shared/public/system /home/alex/deploy/ak_seguros_site/shared/public/assets
  INFO [2f74c061] Finished in 0.565 seconds with exit status 0 (successful).
  INFO [2f5ed01c] Running /usr/bin/env mkdir -p /home/alex/deploy/ak_seguros_site/shared/config as alex@ak-seguros-site.kutzke.com.br
 DEBUG [2f5ed01c] Command: /usr/bin/env mkdir -p /home/alex/deploy/ak_seguros_site/shared/config
  INFO [2f5ed01c] Finished in 0.442 seconds with exit status 0 (successful).
 DEBUG [f8c5e20e] Running [ -f /home/alex/deploy/ak_seguros_site/shared/config/database.yml ] as alex@ak-seguros-site.kutzke.com.br
 DEBUG [f8c5e20e] Command: [ -f /home/alex/deploy/ak_seguros_site/shared/config/database.yml ]
 DEBUG [f8c5e20e] Finished in 0.444 seconds with exit status 0 (successful).
 DEBUG [2d2bf843] Running [ -f /home/alex/deploy/ak_seguros_site/shared/config/secrets.yml ] as alex@ak-seguros-site.kutzke.com.br
 DEBUG [2d2bf843] Command: [ -f /home/alex/deploy/ak_seguros_site/shared/config/secrets.yml ]
 DEBUG [2d2bf843] Finished in 1.356 seconds with exit status 0 (successful).
 DEBUG [c4bf4928] Running [ -f /home/alex/deploy/ak_seguros_site/current/REVISION ] as alex@ak-seguros-site.kutzke.com.br
 DEBUG [c4bf4928] Command: [ -f /home/alex/deploy/ak_seguros_site/current/REVISION ]
 DEBUG [c4bf4928] Finished in 0.466 seconds with exit status 1 (failed).
 DEBUG [4fb6ee3b] Running [ -f /home/alex/deploy/ak_seguros_site/repo/HEAD ] as alex@ak-seguros-site.kutzke.com.br
 DEBUG [4fb6ee3b] Command: [ -f /home/alex/deploy/ak_seguros_site/repo/HEAD ]
 DEBUG [4fb6ee3b] Finished in 0.456 seconds with exit status 0 (successful).
  INFO The repository mirror is at /home/alex/deploy/ak_seguros_site/repo
 DEBUG [8083950c] Running if test ! -d /home/alex/deploy/ak_seguros_site/repo; then echo "Directory does not exist '/home/alex/deploy/ak_seguros_site/repo'" 1>&2; false; fi as alex@ak-seguros-site.kutzke.com.br
 DEBUG [8083950c] Command: if test ! -d /home/alex/deploy/ak_seguros_site/repo; then echo "Directory does not exist '/home/alex/deploy/ak_seguros_site/repo'" 1>&2; false; fi
 DEBUG [8083950c] Finished in 0.506 seconds with exit status 0 (successful).
  INFO [18292844] Running /usr/bin/env git remote update --prune as alex@ak-seguros-site.kutzke.com.br
 DEBUG [18292844] Command: cd /home/alex/deploy/ak_seguros_site/repo && ( export GIT_ASKPASS="/bin/echo" GIT_SSH="/tmp/git-ssh-ak_seguros_site-production-alex.sh" ; /usr/bin/env git remote update --prune )
 DEBUG [18292844] 	Fetching origin
 DEBUG [18292844] 	From github.com:johnkutzke/ak_seguros_site
   08cd41c..d6bd6b0  master     -> master
  INFO [18292844] Finished in 3.301 seconds with exit status 0 (successful).
 DEBUG [7084924b] Running if test ! -d /home/alex/deploy/ak_seguros_site/repo; then echo "Directory does not exist '/home/alex/deploy/ak_seguros_site/repo'" 1>&2; false; fi as alex@ak-seguros-site.kutzke.com.br
 DEBUG [7084924b] Command: if test ! -d /home/alex/deploy/ak_seguros_site/repo; then echo "Directory does not exist '/home/alex/deploy/ak_seguros_site/repo'" 1>&2; false; fi
 DEBUG [7084924b] Finished in 0.439 seconds with exit status 0 (successful).
  INFO [c09009a6] Running /usr/bin/env mkdir -p /home/alex/deploy/ak_seguros_site/releases/20160823205117 as alex@ak-seguros-site.kutzke.com.br
 DEBUG [c09009a6] Command: cd /home/alex/deploy/ak_seguros_site/repo && ( export GIT_ASKPASS="/bin/echo" GIT_SSH="/tmp/git-ssh-ak_seguros_site-production-alex.sh" ; /usr/bin/env mkdir -p /home/alex/deploy/ak_seguros_site/releases/20160823205117 )
  INFO [c09009a6] Finished in 0.427 seconds with exit status 0 (successful).
  INFO [b43936dc] Running /usr/bin/env git archive master | tar -x -f - -C /home/alex/deploy/ak_seguros_site/releases/20160823205117 as alex@ak-seguros-site.kutzke.com.br
 DEBUG [b43936dc] Command: cd /home/alex/deploy/ak_seguros_site/repo && ( export GIT_ASKPASS="/bin/echo" GIT_SSH="/tmp/git-ssh-ak_seguros_site-production-alex.sh" ; /usr/bin/env git archive master | tar -x -f - -C /home/alex/deploy/ak_seguros_site/releases/20160823205117 )
  INFO [b43936dc] Finished in 1.571 seconds with exit status 0 (successful).
 DEBUG [368ba051] Running if test ! -d /home/alex/deploy/ak_seguros_site/repo; then echo "Directory does not exist '/home/alex/deploy/ak_seguros_site/repo'" 1>&2; false; fi as alex@ak-seguros-site.kutzke.com.br
 DEBUG [368ba051] Command: if test ! -d /home/alex/deploy/ak_seguros_site/repo; then echo "Directory does not exist '/home/alex/deploy/ak_seguros_site/repo'" 1>&2; false; fi
 DEBUG [368ba051] Finished in 0.438 seconds with exit status 0 (successful).
 DEBUG [0c0acf66] Running /usr/bin/env git rev-list --max-count=1 master as alex@ak-seguros-site.kutzke.com.br
 DEBUG [0c0acf66] Command: cd /home/alex/deploy/ak_seguros_site/repo && ( export GIT_ASKPASS="/bin/echo" GIT_SSH="/tmp/git-ssh-ak_seguros_site-production-alex.sh" ; /usr/bin/env git rev-list --max-count=1 master )
 DEBUG [0c0acf66] 	d6bd6b0a437421e7979349ea2d560a6c97571a5b
 DEBUG [0c0acf66] Finished in 0.451 seconds with exit status 0 (successful).
 DEBUG [ec929d3e] Running if test ! -d /home/alex/deploy/ak_seguros_site/releases/20160823205117; then echo "Directory does not exist '/home/alex/deploy/ak_seguros_site/releases/20160823205117'" 1>&2; false; fi as alex@ak-seguros-site.kutzke.com.br
 DEBUG [ec929d3e] Command: if test ! -d /home/alex/deploy/ak_seguros_site/releases/20160823205117; then echo "Directory does not exist '/home/alex/deploy/ak_seguros_site/releases/20160823205117'" 1>&2; false; fi
 DEBUG [ec929d3e] Finished in 0.421 seconds with exit status 0 (successful).
  INFO [5a066084] Running /usr/bin/env echo "d6bd6b0a437421e7979349ea2d560a6c97571a5b" >> REVISION as alex@ak-seguros-site.kutzke.com.br
 DEBUG [5a066084] Command: cd /home/alex/deploy/ak_seguros_site/releases/20160823205117 && /usr/bin/env echo "d6bd6b0a437421e7979349ea2d560a6c97571a5b" >> REVISION
  INFO [5a066084] Finished in 0.435 seconds with exit status 0 (successful).
  INFO [e743f46e] Running /usr/bin/env mkdir -p /home/alex/deploy/ak_seguros_site/releases/20160823205117/config as alex@ak-seguros-site.kutzke.com.br
 DEBUG [e743f46e] Command: /usr/bin/env mkdir -p /home/alex/deploy/ak_seguros_site/releases/20160823205117/config
  INFO [e743f46e] Finished in 0.409 seconds with exit status 0 (successful).
 DEBUG [85750f23] Running [ -L /home/alex/deploy/ak_seguros_site/releases/20160823205117/config/database.yml ] as alex@ak-seguros-site.kutzke.com.br
 DEBUG [85750f23] Command: [ -L /home/alex/deploy/ak_seguros_site/releases/20160823205117/config/database.yml ]
 DEBUG [85750f23] Finished in 0.414 seconds with exit status 1 (failed).
 DEBUG [96d5d748] Running [ -f /home/alex/deploy/ak_seguros_site/releases/20160823205117/config/database.yml ] as alex@ak-seguros-site.kutzke.com.br
 DEBUG [96d5d748] Command: [ -f /home/alex/deploy/ak_seguros_site/releases/20160823205117/config/database.yml ]
 DEBUG [96d5d748] Finished in 0.413 seconds with exit status 0 (successful).
  INFO [1a1848fd] Running /usr/bin/env rm /home/alex/deploy/ak_seguros_site/releases/20160823205117/config/database.yml as alex@ak-seguros-site.kutzke.com.br
 DEBUG [1a1848fd] Command: /usr/bin/env rm /home/alex/deploy/ak_seguros_site/releases/20160823205117/config/database.yml
  INFO [1a1848fd] Finished in 0.419 seconds with exit status 0 (successful).
  INFO [fbaa143e] Running /usr/bin/env ln -s /home/alex/deploy/ak_seguros_site/shared/config/database.yml /home/alex/deploy/ak_seguros_site/releases/20160823205117/config/database.yml as alex@ak-seguros-site.kutzke.com.br
 DEBUG [fbaa143e] Command: /usr/bin/env ln -s /home/alex/deploy/ak_seguros_site/shared/config/database.yml /home/alex/deploy/ak_seguros_site/releases/20160823205117/config/database.yml
  INFO [fbaa143e] Finished in 0.501 seconds with exit status 0 (successful).
 DEBUG [5ba631e1] Running [ -L /home/alex/deploy/ak_seguros_site/releases/20160823205117/config/secrets.yml ] as alex@ak-seguros-site.kutzke.com.br
 DEBUG [5ba631e1] Command: [ -L /home/alex/deploy/ak_seguros_site/releases/20160823205117/config/secrets.yml ]
 DEBUG [5ba631e1] Finished in 0.412 seconds with exit status 1 (failed).
 DEBUG [68738a03] Running [ -f /home/alex/deploy/ak_seguros_site/releases/20160823205117/config/secrets.yml ] as alex@ak-seguros-site.kutzke.com.br
 DEBUG [68738a03] Command: [ -f /home/alex/deploy/ak_seguros_site/releases/20160823205117/config/secrets.yml ]
 DEBUG [68738a03] Finished in 0.424 seconds with exit status 0 (successful).
  INFO [b1e4d35a] Running /usr/bin/env rm /home/alex/deploy/ak_seguros_site/releases/20160823205117/config/secrets.yml as alex@ak-seguros-site.kutzke.com.br
 DEBUG [b1e4d35a] Command: /usr/bin/env rm /home/alex/deploy/ak_seguros_site/releases/20160823205117/config/secrets.yml
  INFO [b1e4d35a] Finished in 0.431 seconds with exit status 0 (successful).
  INFO [e1c8c417] Running /usr/bin/env ln -s /home/alex/deploy/ak_seguros_site/shared/config/secrets.yml /home/alex/deploy/ak_seguros_site/releases/20160823205117/config/secrets.yml as alex@ak-seguros-site.kutzke.com.br
 DEBUG [e1c8c417] Command: /usr/bin/env ln -s /home/alex/deploy/ak_seguros_site/shared/config/secrets.yml /home/alex/deploy/ak_seguros_site/releases/20160823205117/config/secrets.yml
  INFO [e1c8c417] Finished in 0.414 seconds with exit status 0 (successful).
  INFO [96a40dac] Running /usr/bin/env mkdir -p /home/alex/deploy/ak_seguros_site/releases/20160823205117 /home/alex/deploy/ak_seguros_site/releases/20160823205117/tmp /home/alex/deploy/ak_seguros_site/releases/20160823205117/public as alex@ak-seguros-site.kutzke.com.br
 DEBUG [96a40dac] Command: /usr/bin/env mkdir -p /home/alex/deploy/ak_seguros_site/releases/20160823205117 /home/alex/deploy/ak_seguros_site/releases/20160823205117/tmp /home/alex/deploy/ak_seguros_site/releases/20160823205117/public
  INFO [96a40dac] Finished in 0.421 seconds with exit status 0 (successful).
 DEBUG [3a5ec8ac] Running [ -L /home/alex/deploy/ak_seguros_site/releases/20160823205117/log ] as alex@ak-seguros-site.kutzke.com.br
 DEBUG [3a5ec8ac] Command: [ -L /home/alex/deploy/ak_seguros_site/releases/20160823205117/log ]
 DEBUG [3a5ec8ac] Finished in 0.437 seconds with exit status 1 (failed).
 DEBUG [2d19edd6] Running [ -d /home/alex/deploy/ak_seguros_site/releases/20160823205117/log ] as alex@ak-seguros-site.kutzke.com.br
 DEBUG [2d19edd6] Command: [ -d /home/alex/deploy/ak_seguros_site/releases/20160823205117/log ]
 DEBUG [2d19edd6] Finished in 0.439 seconds with exit status 0 (successful).
  INFO [41e3a53f] Running /usr/bin/env rm -rf /home/alex/deploy/ak_seguros_site/releases/20160823205117/log as alex@ak-seguros-site.kutzke.com.br
 DEBUG [41e3a53f] Command: /usr/bin/env rm -rf /home/alex/deploy/ak_seguros_site/releases/20160823205117/log
  INFO [41e3a53f] Finished in 0.424 seconds with exit status 0 (successful).
  INFO [a007d5d4] Running /usr/bin/env ln -s /home/alex/deploy/ak_seguros_site/shared/log /home/alex/deploy/ak_seguros_site/releases/20160823205117/log as alex@ak-seguros-site.kutzke.com.br
 DEBUG [a007d5d4] Command: /usr/bin/env ln -s /home/alex/deploy/ak_seguros_site/shared/log /home/alex/deploy/ak_seguros_site/releases/20160823205117/log
  INFO [a007d5d4] Finished in 0.420 seconds with exit status 0 (successful).
 DEBUG [51c49cdc] Running [ -L /home/alex/deploy/ak_seguros_site/releases/20160823205117/tmp/pids ] as alex@ak-seguros-site.kutzke.com.br
 DEBUG [51c49cdc] Command: [ -L /home/alex/deploy/ak_seguros_site/releases/20160823205117/tmp/pids ]
 DEBUG [51c49cdc] Finished in 0.413 seconds with exit status 1 (failed).
 DEBUG [f1f32a26] Running [ -d /home/alex/deploy/ak_seguros_site/releases/20160823205117/tmp/pids ] as alex@ak-seguros-site.kutzke.com.br
 DEBUG [f1f32a26] Command: [ -d /home/alex/deploy/ak_seguros_site/releases/20160823205117/tmp/pids ]
 DEBUG [f1f32a26] Finished in 0.422 seconds with exit status 1 (failed).
  INFO [176a3b5f] Running /usr/bin/env ln -s /home/alex/deploy/ak_seguros_site/shared/tmp/pids /home/alex/deploy/ak_seguros_site/releases/20160823205117/tmp/pids as alex@ak-seguros-site.kutzke.com.br
 DEBUG [176a3b5f] Command: /usr/bin/env ln -s /home/alex/deploy/ak_seguros_site/shared/tmp/pids /home/alex/deploy/ak_seguros_site/releases/20160823205117/tmp/pids
  INFO [176a3b5f] Finished in 0.424 seconds with exit status 0 (successful).
 DEBUG [a4e8ae80] Running [ -L /home/alex/deploy/ak_seguros_site/releases/20160823205117/tmp/cache ] as alex@ak-seguros-site.kutzke.com.br
 DEBUG [a4e8ae80] Command: [ -L /home/alex/deploy/ak_seguros_site/releases/20160823205117/tmp/cache ]
 DEBUG [a4e8ae80] Finished in 0.419 seconds with exit status 1 (failed).
 DEBUG [d4c356c4] Running [ -d /home/alex/deploy/ak_seguros_site/releases/20160823205117/tmp/cache ] as alex@ak-seguros-site.kutzke.com.br
 DEBUG [d4c356c4] Command: [ -d /home/alex/deploy/ak_seguros_site/releases/20160823205117/tmp/cache ]
 DEBUG [d4c356c4] Finished in 0.446 seconds with exit status 0 (successful).
  INFO [b8d82f16] Running /usr/bin/env rm -rf /home/alex/deploy/ak_seguros_site/releases/20160823205117/tmp/cache as alex@ak-seguros-site.kutzke.com.br
 DEBUG [b8d82f16] Command: /usr/bin/env rm -rf /home/alex/deploy/ak_seguros_site/releases/20160823205117/tmp/cache
  INFO [b8d82f16] Finished in 0.631 seconds with exit status 0 (successful).
  INFO [f4a8aab9] Running /usr/bin/env ln -s /home/alex/deploy/ak_seguros_site/shared/tmp/cache /home/alex/deploy/ak_seguros_site/releases/20160823205117/tmp/cache as alex@ak-seguros-site.kutzke.com.br
 DEBUG [f4a8aab9] Command: /usr/bin/env ln -s /home/alex/deploy/ak_seguros_site/shared/tmp/cache /home/alex/deploy/ak_seguros_site/releases/20160823205117/tmp/cache
  INFO [f4a8aab9] Finished in 0.427 seconds with exit status 0 (successful).
 DEBUG [c20b4b16] Running [ -L /home/alex/deploy/ak_seguros_site/releases/20160823205117/tmp/sockets ] as alex@ak-seguros-site.kutzke.com.br
 DEBUG [c20b4b16] Command: [ -L /home/alex/deploy/ak_seguros_site/releases/20160823205117/tmp/sockets ]
 DEBUG [c20b4b16] Finished in 0.428 seconds with exit status 1 (failed).
 DEBUG [5a2786e4] Running [ -d /home/alex/deploy/ak_seguros_site/releases/20160823205117/tmp/sockets ] as alex@ak-seguros-site.kutzke.com.br
 DEBUG [5a2786e4] Command: [ -d /home/alex/deploy/ak_seguros_site/releases/20160823205117/tmp/sockets ]
 DEBUG [5a2786e4] Finished in 0.415 seconds with exit status 1 (failed).
  INFO [dbe2753d] Running /usr/bin/env ln -s /home/alex/deploy/ak_seguros_site/shared/tmp/sockets /home/alex/deploy/ak_seguros_site/releases/20160823205117/tmp/sockets as alex@ak-seguros-site.kutzke.com.br
 DEBUG [dbe2753d] Command: /usr/bin/env ln -s /home/alex/deploy/ak_seguros_site/shared/tmp/sockets /home/alex/deploy/ak_seguros_site/releases/20160823205117/tmp/sockets
  INFO [dbe2753d] Finished in 0.430 seconds with exit status 0 (successful).
 DEBUG [cb93d881] Running [ -L /home/alex/deploy/ak_seguros_site/releases/20160823205117/public/system ] as alex@ak-seguros-site.kutzke.com.br
 DEBUG [cb93d881] Command: [ -L /home/alex/deploy/ak_seguros_site/releases/20160823205117/public/system ]
 DEBUG [cb93d881] Finished in 0.409 seconds with exit status 1 (failed).
 DEBUG [26ca41bb] Running [ -d /home/alex/deploy/ak_seguros_site/releases/20160823205117/public/system ] as alex@ak-seguros-site.kutzke.com.br
 DEBUG [26ca41bb] Command: [ -d /home/alex/deploy/ak_seguros_site/releases/20160823205117/public/system ]
 DEBUG [26ca41bb] Finished in 0.427 seconds with exit status 1 (failed).
  INFO [8b3d9e42] Running /usr/bin/env ln -s /home/alex/deploy/ak_seguros_site/shared/public/system /home/alex/deploy/ak_seguros_site/releases/20160823205117/public/system as alex@ak-seguros-site.kutzke.com.br
 DEBUG [8b3d9e42] Command: /usr/bin/env ln -s /home/alex/deploy/ak_seguros_site/shared/public/system /home/alex/deploy/ak_seguros_site/releases/20160823205117/public/system
  INFO [8b3d9e42] Finished in 0.415 seconds with exit status 0 (successful).
 DEBUG [74fbff92] Running [ -L /home/alex/deploy/ak_seguros_site/releases/20160823205117/public/assets ] as alex@ak-seguros-site.kutzke.com.br
 DEBUG [74fbff92] Command: [ -L /home/alex/deploy/ak_seguros_site/releases/20160823205117/public/assets ]
 DEBUG [74fbff92] Finished in 0.409 seconds with exit status 1 (failed).
 DEBUG [3d3d2fb6] Running [ -d /home/alex/deploy/ak_seguros_site/releases/20160823205117/public/assets ] as alex@ak-seguros-site.kutzke.com.br
 DEBUG [3d3d2fb6] Command: [ -d /home/alex/deploy/ak_seguros_site/releases/20160823205117/public/assets ]
 DEBUG [3d3d2fb6] Finished in 0.422 seconds with exit status 1 (failed).
  INFO [4e198a43] Running /usr/bin/env ln -s /home/alex/deploy/ak_seguros_site/shared/public/assets /home/alex/deploy/ak_seguros_site/releases/20160823205117/public/assets as alex@ak-seguros-site.kutzke.com.br
 DEBUG [4e198a43] Command: /usr/bin/env ln -s /home/alex/deploy/ak_seguros_site/shared/public/assets /home/alex/deploy/ak_seguros_site/releases/20160823205117/public/assets
  INFO [4e198a43] Finished in 0.446 seconds with exit status 0 (successful).
 DEBUG [ebc20268] Running if test ! -d /home/alex/deploy/ak_seguros_site/releases/20160823205117; then echo "Directory does not exist '/home/alex/deploy/ak_seguros_site/releases/20160823205117'" 1>&2; false; fi as alex@ak-seguros-site.kutzke.com.br
 DEBUG [ebc20268] Command: if test ! -d /home/alex/deploy/ak_seguros_site/releases/20160823205117; then echo "Directory does not exist '/home/alex/deploy/ak_seguros_site/releases/20160823205117'" 1>&2; false; fi
 DEBUG [ebc20268] Finished in 0.433 seconds with exit status 0 (successful).
  INFO [d3cad3a7] Running ~/.rvm/bin/rvm 2.2.3@ak-seguros-site do bundle install --path /home/alex/deploy/ak_seguros_site/shared/bundle --without development test --deployment --quiet as alex@ak-seguros-site.kutzke.com.br
 DEBUG [d3cad3a7] Command: cd /home/alex/deploy/ak_seguros_site/releases/20160823205117 && ~/.rvm/bin/rvm 2.2.3@ak-seguros-site do bundle install --path /home/alex/deploy/ak_seguros_site/shared/bundle --without development test --deployment --quiet
  INFO [d3cad3a7] Finished in 1.565 seconds with exit status 0 (successful).
 DEBUG [63cdba6d] Running if test ! -d /home/alex/deploy/ak_seguros_site/releases/20160823205117; then echo "Directory does not exist '/home/alex/deploy/ak_seguros_site/releases/20160823205117'" 1>&2; false; fi as alex@ak-seguros-site.kutzke.com.br
 DEBUG [63cdba6d] Command: if test ! -d /home/alex/deploy/ak_seguros_site/releases/20160823205117; then echo "Directory does not exist '/home/alex/deploy/ak_seguros_site/releases/20160823205117'" 1>&2; false; fi
 DEBUG [63cdba6d] Finished in 0.414 seconds with exit status 0 (successful).
  INFO [a9dbec98] Running ~/.rvm/bin/rvm 2.2.3@ak-seguros-site do bundle exec rake assets:precompile as alex@ak-seguros-site.kutzke.com.br
 DEBUG [a9dbec98] Command: cd /home/alex/deploy/ak_seguros_site/releases/20160823205117 && ( export RAILS_ENV="production" ; ~/.rvm/bin/rvm 2.2.3@ak-seguros-site do bundle exec rake assets:precompile )
 DEBUG [a9dbec98] 	rake aborted!
 DEBUG [a9dbec98] 	LoadError: cannot load such file -- byebug
 DEBUG [a9dbec98] 	/home/alex/deploy/ak_seguros_site/shared/bundle/ruby/2.2.0/gems/activesupport-5.0.0/lib/active_support/dependencies.rb:293:in `require'
/home/alex/deploy/ak_seguros_site/shared/bundle/ruby/2.2.0/gems/activesupport-5.0.0/lib/active_support/dependencies.rb:293:in `block in require'
/home/alex/deploy/ak_seguros_site/shared/bundle/ruby/2.2.0/gems/activesupport-5.0.0/lib/active_support/dependencies.rb:259:in `load_dependency'
/home/alex/deploy/ak_seguros_site/shared/bundle/ruby/2.2.0/gems/activesupport-5.0.0/lib/active_support/dependencies.rb:293:in `require'
/home/alex/deploy/ak_seguros_site/shared/bundle/ruby/2.2.0/gems/fipe_api-0.3.0/lib/fipe_api.rb:1:in `<top (required)>'
/home/alex/.rvm/gems/ruby-2.2.3@ak-seguros-site/gems/bundler-1.12.5/lib/bundler/runtime.rb:86:in `require'
/home/alex/.rvm/gems/ruby-2.2.3@ak-seguros-site/gems/bundler-1.12.5/lib/bundler/runtime.rb:86:in `block (2 levels) in require'
/home/alex/.rvm/gems/ruby-2.2.3@ak-seguros-site/gems/bundler-1.12.5/lib/bundler/runtime.rb:81:in `each'
/home/alex/.rvm/gems/ruby-2.2.3@ak-seguros-site/gems/bundler-1.12.5/lib/bundler/runtime.rb:81:in `block in require'
/home/alex/.rvm/gems/ruby-2.2.3@ak-seguros-site/gems/bundler-1.12.5/lib/bundler/runtime.rb:70:in `each'
/home/alex/.rvm/gems/ruby-2.2.3@ak-seguros-site/gems/bundler-1.12.5/lib/bundler/runtime.rb:70:in `require'
/home/alex/.rvm/gems/ruby-2.2.3@ak-seguros-site/gems/bundler-1.12.5/lib/bundler.rb:102:in `require'
/home/alex/deploy/ak_seguros_site/releases/20160823205117/config/application.rb:7:in `<top (required)>'
/home/alex/deploy/ak_seguros_site/releases/20160823205117/Rakefile:4:in `require_relative'
/home/alex/deploy/ak_seguros_site/releases/20160823205117/Rakefile:4:in `<top (required)>'
/home/alex/deploy/ak_seguros_site/shared/bundle/ruby/2.2.0/gems/rake-11.2.2/exe/rake:27:in `<top (required)>'
/home/alex/.rvm/gems/ruby-2.2.3@ak-seguros-site/gems/bundler-1.12.5/lib/bundler/cli/exec.rb:63:in `load'
/home/alex/.rvm/gems/ruby-2.2.3@ak-seguros-site/gems/bundler-1.12.5/lib/bundler/cli/exec.rb:63:in `kernel_load'
/home/alex/.rvm/gems/ruby-2.2.3@ak-seguros-site/gems/bundler-1.12.5/lib/bundler/cli/exec.rb:24:in `run'
/home/alex/.rvm/gems/ruby-2.2.3@ak-seguros-site/gems/bundler-1.12.5/lib/bundler/cli.rb:304:in `exec'
/home/alex/.rvm/gems/ruby-2.2.3@ak-seguros-site/gems/bundler-1.12.5/lib/bundler/vendor/thor/lib/thor/command.rb:27:in `run'
/home/alex/.rvm/gems/ruby-2.2.3@ak-seguros-site/gems/bundler-1.12.5/lib/bundler/vendor/thor/lib/thor/invocation.rb:126:in `invoke_command'
/home/alex/.rvm/gems/ruby-2.2.3@ak-seguros-site/gems/bundler-1.12.5/lib/bundler/vendor/thor/lib/thor.rb:359:in `dispatch'
/home/alex/.rvm/gems/ruby-2.2.3@ak-seguros-site/gems/bundler-1.12.5/lib/bundler/vendor/thor/lib/thor/base.rb:440:in `start'
/home/alex/.rvm/gems/ruby-2.2.3@ak-seguros-site/gems/bundler-1.12.5/lib/bundler/cli.rb:11:in `start'
/home/alex/.rvm/gems/ruby-2.2.3@ak-seguros-site/gems/bundler-1.12.5/exe/bundle:27:in `block in <top (required)>'
/home/alex/.rvm/gems/ruby-2.2.3@ak-seguros-site/gems/bundler-1.12.5/lib/bundler/friendly_errors.rb:98:in `with_friendly_errors'
/home/alex/.rvm/gems/ruby-2.2.3@ak-seguros-site/gems/bundler-1.12.5/exe/bundle:19:in `<top (required)>'
/home/alex/.rvm/gems/ruby-2.2.3@ak-seguros-site/bin/bundle:23:in `load'
/home/alex/.rvm/gems/ruby-2.2.3@ak-seguros-site/bin/bundle:23:in `<main>'
/home/alex/.rvm/gems/ruby-2.2.3@ak-seguros-site/bin/ruby_executable_hooks:15:in `eval'
/home/alex/.rvm/gems/ruby-2.2.3@ak-seguros-site/bin/ruby_executable_hooks:15:in `<main>'
 DEBUG [a9dbec98] 	(See full trace by running task with --trace)
  INFO ---------------------------------------------------------------------------
  INFO START 2016-08-23 17:54:28 -0300 cap production deploy
  INFO ---------------------------------------------------------------------------
 DEBUG [78ba38ce] Running [ -d ~/.rvm ] as alex@ak-seguros-site.kutzke.com.br
 DEBUG [78ba38ce] Command: [ -d ~/.rvm ]
 DEBUG [78ba38ce] Finished in 2.131 seconds with exit status 0 (successful).
 DEBUG [6aa40437] Running ~/.rvm/bin/rvm version as alex@ak-seguros-site.kutzke.com.br
 DEBUG [6aa40437] Command: ~/.rvm/bin/rvm version
 DEBUG [6aa40437] 	rvm 1.27.0 (latest) by Wayne E. Seguin <wayneeseguin@gmail.com>, Michal Papis <mpapis@gmail.com> [https://rvm.io/]
 DEBUG [6aa40437] Finished in 2.610 seconds with exit status 0 (successful).
 DEBUG [7a77e09d] Running ~/.rvm/bin/rvm current as alex@ak-seguros-site.kutzke.com.br
 DEBUG [7a77e09d] Command: ~/.rvm/bin/rvm current
 DEBUG [7a77e09d] 	ruby-2.1.1
 DEBUG [7a77e09d] Finished in 0.613 seconds with exit status 0 (successful).
 DEBUG [b864691e] Running ~/.rvm/bin/rvm 2.2.3@ak-seguros-site do ruby --version as alex@ak-seguros-site.kutzke.com.br
 DEBUG [b864691e] Command: ~/.rvm/bin/rvm 2.2.3@ak-seguros-site do ruby --version
 DEBUG [b864691e] 	ruby 2.2.3p173 (2015-08-18 revision 51636) [x86_64-linux]
 DEBUG [b864691e] Finished in 1.307 seconds with exit status 0 (successful).
  INFO [80712e9c] Running /usr/bin/env mkdir -p /tmp as alex@ak-seguros-site.kutzke.com.br
 DEBUG [80712e9c] Command: /usr/bin/env mkdir -p /tmp
  INFO [80712e9c] Finished in 0.645 seconds with exit status 0 (successful).
 DEBUG Uploading /tmp/git-ssh-ak_seguros_site-production-alex.sh 0.0%
  INFO Uploading /tmp/git-ssh-ak_seguros_site-production-alex.sh 100.0%
  INFO [5b94e000] Running /usr/bin/env chmod 700 /tmp/git-ssh-ak_seguros_site-production-alex.sh as alex@ak-seguros-site.kutzke.com.br
 DEBUG [5b94e000] Command: /usr/bin/env chmod 700 /tmp/git-ssh-ak_seguros_site-production-alex.sh
  INFO [5b94e000] Finished in 0.379 seconds with exit status 0 (successful).
  INFO [494ec7fe] Running /usr/bin/env git ls-remote --heads git@github.com:johnkutzke/ak_seguros_site.git as alex@ak-seguros-site.kutzke.com.br
 DEBUG [494ec7fe] Command: ( export GIT_ASKPASS="/bin/echo" GIT_SSH="/tmp/git-ssh-ak_seguros_site-production-alex.sh" ; /usr/bin/env git ls-remote --heads git@github.com:johnkutzke/ak_seguros_site.git )
 DEBUG [494ec7fe] 	d6bd6b0a437421e7979349ea2d560a6c97571a5b	refs/heads/master
  INFO [494ec7fe] Finished in 1.492 seconds with exit status 0 (successful).
  INFO [20b61944] Running /usr/bin/env mkdir -p /home/alex/deploy/ak_seguros_site/shared /home/alex/deploy/ak_seguros_site/releases as alex@ak-seguros-site.kutzke.com.br
 DEBUG [20b61944] Command: /usr/bin/env mkdir -p /home/alex/deploy/ak_seguros_site/shared /home/alex/deploy/ak_seguros_site/releases
  INFO [20b61944] Finished in 0.389 seconds with exit status 0 (successful).
  INFO [2d9147c0] Running /usr/bin/env mkdir -p /home/alex/deploy/ak_seguros_site/shared/log /home/alex/deploy/ak_seguros_site/shared/tmp/pids /home/alex/deploy/ak_seguros_site/shared/tmp/cache /home/alex/deploy/ak_seguros_site/shared/tmp/sockets /home/alex/deploy/ak_seguros_site/shared/public/system /home/alex/deploy/ak_seguros_site/shared/public/assets as alex@ak-seguros-site.kutzke.com.br
 DEBUG [2d9147c0] Command: /usr/bin/env mkdir -p /home/alex/deploy/ak_seguros_site/shared/log /home/alex/deploy/ak_seguros_site/shared/tmp/pids /home/alex/deploy/ak_seguros_site/shared/tmp/cache /home/alex/deploy/ak_seguros_site/shared/tmp/sockets /home/alex/deploy/ak_seguros_site/shared/public/system /home/alex/deploy/ak_seguros_site/shared/public/assets
  INFO [2d9147c0] Finished in 0.374 seconds with exit status 0 (successful).
  INFO [0ba67cf4] Running /usr/bin/env mkdir -p /home/alex/deploy/ak_seguros_site/shared/config as alex@ak-seguros-site.kutzke.com.br
 DEBUG [0ba67cf4] Command: /usr/bin/env mkdir -p /home/alex/deploy/ak_seguros_site/shared/config
  INFO [0ba67cf4] Finished in 0.365 seconds with exit status 0 (successful).
 DEBUG [bf815a43] Running [ -f /home/alex/deploy/ak_seguros_site/shared/config/database.yml ] as alex@ak-seguros-site.kutzke.com.br
 DEBUG [bf815a43] Command: [ -f /home/alex/deploy/ak_seguros_site/shared/config/database.yml ]
 DEBUG [bf815a43] Finished in 0.359 seconds with exit status 0 (successful).
 DEBUG [73ab0911] Running [ -f /home/alex/deploy/ak_seguros_site/shared/config/secrets.yml ] as alex@ak-seguros-site.kutzke.com.br
 DEBUG [73ab0911] Command: [ -f /home/alex/deploy/ak_seguros_site/shared/config/secrets.yml ]
 DEBUG [73ab0911] Finished in 0.364 seconds with exit status 0 (successful).
 DEBUG [f30770e7] Running [ -f /home/alex/deploy/ak_seguros_site/current/REVISION ] as alex@ak-seguros-site.kutzke.com.br
 DEBUG [f30770e7] Command: [ -f /home/alex/deploy/ak_seguros_site/current/REVISION ]
 DEBUG [f30770e7] Finished in 0.387 seconds with exit status 1 (failed).
 DEBUG [1e2c72cf] Running [ -f /home/alex/deploy/ak_seguros_site/repo/HEAD ] as alex@ak-seguros-site.kutzke.com.br
 DEBUG [1e2c72cf] Command: [ -f /home/alex/deploy/ak_seguros_site/repo/HEAD ]
 DEBUG [1e2c72cf] Finished in 0.361 seconds with exit status 0 (successful).
  INFO The repository mirror is at /home/alex/deploy/ak_seguros_site/repo
 DEBUG [66a01afc] Running if test ! -d /home/alex/deploy/ak_seguros_site/repo; then echo "Directory does not exist '/home/alex/deploy/ak_seguros_site/repo'" 1>&2; false; fi as alex@ak-seguros-site.kutzke.com.br
 DEBUG [66a01afc] Command: if test ! -d /home/alex/deploy/ak_seguros_site/repo; then echo "Directory does not exist '/home/alex/deploy/ak_seguros_site/repo'" 1>&2; false; fi
 DEBUG [66a01afc] Finished in 0.365 seconds with exit status 0 (successful).
  INFO [a9ce7edb] Running /usr/bin/env git remote update --prune as alex@ak-seguros-site.kutzke.com.br
 DEBUG [a9ce7edb] Command: cd /home/alex/deploy/ak_seguros_site/repo && ( export GIT_ASKPASS="/bin/echo" GIT_SSH="/tmp/git-ssh-ak_seguros_site-production-alex.sh" ; /usr/bin/env git remote update --prune )
 DEBUG [a9ce7edb] 	Fetching origin
  INFO [a9ce7edb] Finished in 1.179 seconds with exit status 0 (successful).
 DEBUG [9c735252] Running if test ! -d /home/alex/deploy/ak_seguros_site/repo; then echo "Directory does not exist '/home/alex/deploy/ak_seguros_site/repo'" 1>&2; false; fi as alex@ak-seguros-site.kutzke.com.br
 DEBUG [9c735252] Command: if test ! -d /home/alex/deploy/ak_seguros_site/repo; then echo "Directory does not exist '/home/alex/deploy/ak_seguros_site/repo'" 1>&2; false; fi
 DEBUG [9c735252] Finished in 0.438 seconds with exit status 0 (successful).
  INFO [2bac4772] Running /usr/bin/env mkdir -p /home/alex/deploy/ak_seguros_site/releases/20160823205441 as alex@ak-seguros-site.kutzke.com.br
 DEBUG [2bac4772] Command: cd /home/alex/deploy/ak_seguros_site/repo && ( export GIT_ASKPASS="/bin/echo" GIT_SSH="/tmp/git-ssh-ak_seguros_site-production-alex.sh" ; /usr/bin/env mkdir -p /home/alex/deploy/ak_seguros_site/releases/20160823205441 )
  INFO [2bac4772] Finished in 0.378 seconds with exit status 0 (successful).
  INFO [ff6507b2] Running /usr/bin/env git archive master | tar -x -f - -C /home/alex/deploy/ak_seguros_site/releases/20160823205441 as alex@ak-seguros-site.kutzke.com.br
 DEBUG [ff6507b2] Command: cd /home/alex/deploy/ak_seguros_site/repo && ( export GIT_ASKPASS="/bin/echo" GIT_SSH="/tmp/git-ssh-ak_seguros_site-production-alex.sh" ; /usr/bin/env git archive master | tar -x -f - -C /home/alex/deploy/ak_seguros_site/releases/20160823205441 )
  INFO [ff6507b2] Finished in 1.157 seconds with exit status 0 (successful).
 DEBUG [828db288] Running if test ! -d /home/alex/deploy/ak_seguros_site/repo; then echo "Directory does not exist '/home/alex/deploy/ak_seguros_site/repo'" 1>&2; false; fi as alex@ak-seguros-site.kutzke.com.br
 DEBUG [828db288] Command: if test ! -d /home/alex/deploy/ak_seguros_site/repo; then echo "Directory does not exist '/home/alex/deploy/ak_seguros_site/repo'" 1>&2; false; fi
 DEBUG [828db288] Finished in 0.370 seconds with exit status 0 (successful).
 DEBUG [bbed752f] Running /usr/bin/env git rev-list --max-count=1 master as alex@ak-seguros-site.kutzke.com.br
 DEBUG [bbed752f] Command: cd /home/alex/deploy/ak_seguros_site/repo && ( export GIT_ASKPASS="/bin/echo" GIT_SSH="/tmp/git-ssh-ak_seguros_site-production-alex.sh" ; /usr/bin/env git rev-list --max-count=1 master )
 DEBUG [bbed752f] 	d6bd6b0a437421e7979349ea2d560a6c97571a5b
 DEBUG [bbed752f] Finished in 0.376 seconds with exit status 0 (successful).
 DEBUG [55263467] Running if test ! -d /home/alex/deploy/ak_seguros_site/releases/20160823205441; then echo "Directory does not exist '/home/alex/deploy/ak_seguros_site/releases/20160823205441'" 1>&2; false; fi as alex@ak-seguros-site.kutzke.com.br
 DEBUG [55263467] Command: if test ! -d /home/alex/deploy/ak_seguros_site/releases/20160823205441; then echo "Directory does not exist '/home/alex/deploy/ak_seguros_site/releases/20160823205441'" 1>&2; false; fi
 DEBUG [55263467] Finished in 0.384 seconds with exit status 0 (successful).
  INFO [2a6dd1d5] Running /usr/bin/env echo "d6bd6b0a437421e7979349ea2d560a6c97571a5b" >> REVISION as alex@ak-seguros-site.kutzke.com.br
 DEBUG [2a6dd1d5] Command: cd /home/alex/deploy/ak_seguros_site/releases/20160823205441 && /usr/bin/env echo "d6bd6b0a437421e7979349ea2d560a6c97571a5b" >> REVISION
  INFO [2a6dd1d5] Finished in 0.369 seconds with exit status 0 (successful).
  INFO [fd2668e8] Running /usr/bin/env mkdir -p /home/alex/deploy/ak_seguros_site/releases/20160823205441/config as alex@ak-seguros-site.kutzke.com.br
 DEBUG [fd2668e8] Command: /usr/bin/env mkdir -p /home/alex/deploy/ak_seguros_site/releases/20160823205441/config
  INFO [fd2668e8] Finished in 0.363 seconds with exit status 0 (successful).
 DEBUG [8052af8a] Running [ -L /home/alex/deploy/ak_seguros_site/releases/20160823205441/config/database.yml ] as alex@ak-seguros-site.kutzke.com.br
 DEBUG [8052af8a] Command: [ -L /home/alex/deploy/ak_seguros_site/releases/20160823205441/config/database.yml ]
 DEBUG [8052af8a] Finished in 0.369 seconds with exit status 1 (failed).
 DEBUG [90573f33] Running [ -f /home/alex/deploy/ak_seguros_site/releases/20160823205441/config/database.yml ] as alex@ak-seguros-site.kutzke.com.br
 DEBUG [90573f33] Command: [ -f /home/alex/deploy/ak_seguros_site/releases/20160823205441/config/database.yml ]
 DEBUG [90573f33] Finished in 0.402 seconds with exit status 0 (successful).
  INFO [5868787e] Running /usr/bin/env rm /home/alex/deploy/ak_seguros_site/releases/20160823205441/config/database.yml as alex@ak-seguros-site.kutzke.com.br
 DEBUG [5868787e] Command: /usr/bin/env rm /home/alex/deploy/ak_seguros_site/releases/20160823205441/config/database.yml
  INFO [5868787e] Finished in 0.509 seconds with exit status 0 (successful).
  INFO [afecbb33] Running /usr/bin/env ln -s /home/alex/deploy/ak_seguros_site/shared/config/database.yml /home/alex/deploy/ak_seguros_site/releases/20160823205441/config/database.yml as alex@ak-seguros-site.kutzke.com.br
 DEBUG [afecbb33] Command: /usr/bin/env ln -s /home/alex/deploy/ak_seguros_site/shared/config/database.yml /home/alex/deploy/ak_seguros_site/releases/20160823205441/config/database.yml
  INFO [afecbb33] Finished in 0.406 seconds with exit status 0 (successful).
 DEBUG [31a28549] Running [ -L /home/alex/deploy/ak_seguros_site/releases/20160823205441/config/secrets.yml ] as alex@ak-seguros-site.kutzke.com.br
 DEBUG [31a28549] Command: [ -L /home/alex/deploy/ak_seguros_site/releases/20160823205441/config/secrets.yml ]
 DEBUG [31a28549] Finished in 0.366 seconds with exit status 1 (failed).
 DEBUG [db755b94] Running [ -f /home/alex/deploy/ak_seguros_site/releases/20160823205441/config/secrets.yml ] as alex@ak-seguros-site.kutzke.com.br
 DEBUG [db755b94] Command: [ -f /home/alex/deploy/ak_seguros_site/releases/20160823205441/config/secrets.yml ]
 DEBUG [db755b94] Finished in 0.399 seconds with exit status 0 (successful).
  INFO [5601934d] Running /usr/bin/env rm /home/alex/deploy/ak_seguros_site/releases/20160823205441/config/secrets.yml as alex@ak-seguros-site.kutzke.com.br
 DEBUG [5601934d] Command: /usr/bin/env rm /home/alex/deploy/ak_seguros_site/releases/20160823205441/config/secrets.yml
  INFO [5601934d] Finished in 0.571 seconds with exit status 0 (successful).
  INFO [f92f1e38] Running /usr/bin/env ln -s /home/alex/deploy/ak_seguros_site/shared/config/secrets.yml /home/alex/deploy/ak_seguros_site/releases/20160823205441/config/secrets.yml as alex@ak-seguros-site.kutzke.com.br
 DEBUG [f92f1e38] Command: /usr/bin/env ln -s /home/alex/deploy/ak_seguros_site/shared/config/secrets.yml /home/alex/deploy/ak_seguros_site/releases/20160823205441/config/secrets.yml
  INFO [f92f1e38] Finished in 0.394 seconds with exit status 0 (successful).
  INFO [3d179e61] Running /usr/bin/env mkdir -p /home/alex/deploy/ak_seguros_site/releases/20160823205441 /home/alex/deploy/ak_seguros_site/releases/20160823205441/tmp /home/alex/deploy/ak_seguros_site/releases/20160823205441/public as alex@ak-seguros-site.kutzke.com.br
 DEBUG [3d179e61] Command: /usr/bin/env mkdir -p /home/alex/deploy/ak_seguros_site/releases/20160823205441 /home/alex/deploy/ak_seguros_site/releases/20160823205441/tmp /home/alex/deploy/ak_seguros_site/releases/20160823205441/public
  INFO [3d179e61] Finished in 0.384 seconds with exit status 0 (successful).
 DEBUG [fb013703] Running [ -L /home/alex/deploy/ak_seguros_site/releases/20160823205441/log ] as alex@ak-seguros-site.kutzke.com.br
 DEBUG [fb013703] Command: [ -L /home/alex/deploy/ak_seguros_site/releases/20160823205441/log ]
 DEBUG [fb013703] Finished in 0.389 seconds with exit status 1 (failed).
 DEBUG [b65a10df] Running [ -d /home/alex/deploy/ak_seguros_site/releases/20160823205441/log ] as alex@ak-seguros-site.kutzke.com.br
 DEBUG [b65a10df] Command: [ -d /home/alex/deploy/ak_seguros_site/releases/20160823205441/log ]
 DEBUG [b65a10df] Finished in 0.358 seconds with exit status 0 (successful).
  INFO [bd81a9de] Running /usr/bin/env rm -rf /home/alex/deploy/ak_seguros_site/releases/20160823205441/log as alex@ak-seguros-site.kutzke.com.br
 DEBUG [bd81a9de] Command: /usr/bin/env rm -rf /home/alex/deploy/ak_seguros_site/releases/20160823205441/log
  INFO [bd81a9de] Finished in 0.493 seconds with exit status 0 (successful).
  INFO [8efe86f3] Running /usr/bin/env ln -s /home/alex/deploy/ak_seguros_site/shared/log /home/alex/deploy/ak_seguros_site/releases/20160823205441/log as alex@ak-seguros-site.kutzke.com.br
 DEBUG [8efe86f3] Command: /usr/bin/env ln -s /home/alex/deploy/ak_seguros_site/shared/log /home/alex/deploy/ak_seguros_site/releases/20160823205441/log
  INFO [8efe86f3] Finished in 0.374 seconds with exit status 0 (successful).
 DEBUG [fb83dc5f] Running [ -L /home/alex/deploy/ak_seguros_site/releases/20160823205441/tmp/pids ] as alex@ak-seguros-site.kutzke.com.br
 DEBUG [fb83dc5f] Command: [ -L /home/alex/deploy/ak_seguros_site/releases/20160823205441/tmp/pids ]
 DEBUG [fb83dc5f] Finished in 0.398 seconds with exit status 1 (failed).
 DEBUG [9eb79e7e] Running [ -d /home/alex/deploy/ak_seguros_site/releases/20160823205441/tmp/pids ] as alex@ak-seguros-site.kutzke.com.br
 DEBUG [9eb79e7e] Command: [ -d /home/alex/deploy/ak_seguros_site/releases/20160823205441/tmp/pids ]
 DEBUG [9eb79e7e] Finished in 0.366 seconds with exit status 1 (failed).
  INFO [e7feb868] Running /usr/bin/env ln -s /home/alex/deploy/ak_seguros_site/shared/tmp/pids /home/alex/deploy/ak_seguros_site/releases/20160823205441/tmp/pids as alex@ak-seguros-site.kutzke.com.br
 DEBUG [e7feb868] Command: /usr/bin/env ln -s /home/alex/deploy/ak_seguros_site/shared/tmp/pids /home/alex/deploy/ak_seguros_site/releases/20160823205441/tmp/pids
  INFO [e7feb868] Finished in 1.017 seconds with exit status 0 (successful).
 DEBUG [bf43b0d8] Running [ -L /home/alex/deploy/ak_seguros_site/releases/20160823205441/tmp/cache ] as alex@ak-seguros-site.kutzke.com.br
 DEBUG [bf43b0d8] Command: [ -L /home/alex/deploy/ak_seguros_site/releases/20160823205441/tmp/cache ]
 DEBUG [bf43b0d8] Finished in 0.444 seconds with exit status 1 (failed).
 DEBUG [6dd9f85a] Running [ -d /home/alex/deploy/ak_seguros_site/releases/20160823205441/tmp/cache ] as alex@ak-seguros-site.kutzke.com.br
 DEBUG [6dd9f85a] Command: [ -d /home/alex/deploy/ak_seguros_site/releases/20160823205441/tmp/cache ]
 DEBUG [6dd9f85a] Finished in 0.391 seconds with exit status 0 (successful).
  INFO [ad8af6a5] Running /usr/bin/env rm -rf /home/alex/deploy/ak_seguros_site/releases/20160823205441/tmp/cache as alex@ak-seguros-site.kutzke.com.br
 DEBUG [ad8af6a5] Command: /usr/bin/env rm -rf /home/alex/deploy/ak_seguros_site/releases/20160823205441/tmp/cache
  INFO [ad8af6a5] Finished in 1.158 seconds with exit status 0 (successful).
  INFO [a5ed9995] Running /usr/bin/env ln -s /home/alex/deploy/ak_seguros_site/shared/tmp/cache /home/alex/deploy/ak_seguros_site/releases/20160823205441/tmp/cache as alex@ak-seguros-site.kutzke.com.br
 DEBUG [a5ed9995] Command: /usr/bin/env ln -s /home/alex/deploy/ak_seguros_site/shared/tmp/cache /home/alex/deploy/ak_seguros_site/releases/20160823205441/tmp/cache
  INFO [a5ed9995] Finished in 0.549 seconds with exit status 0 (successful).
 DEBUG [e8ca9ae7] Running [ -L /home/alex/deploy/ak_seguros_site/releases/20160823205441/tmp/sockets ] as alex@ak-seguros-site.kutzke.com.br
 DEBUG [e8ca9ae7] Command: [ -L /home/alex/deploy/ak_seguros_site/releases/20160823205441/tmp/sockets ]
 DEBUG [e8ca9ae7] Finished in 0.406 seconds with exit status 1 (failed).
 DEBUG [8267d5e7] Running [ -d /home/alex/deploy/ak_seguros_site/releases/20160823205441/tmp/sockets ] as alex@ak-seguros-site.kutzke.com.br
 DEBUG [8267d5e7] Command: [ -d /home/alex/deploy/ak_seguros_site/releases/20160823205441/tmp/sockets ]
 DEBUG [8267d5e7] Finished in 0.396 seconds with exit status 1 (failed).
  INFO [f7eff091] Running /usr/bin/env ln -s /home/alex/deploy/ak_seguros_site/shared/tmp/sockets /home/alex/deploy/ak_seguros_site/releases/20160823205441/tmp/sockets as alex@ak-seguros-site.kutzke.com.br
 DEBUG [f7eff091] Command: /usr/bin/env ln -s /home/alex/deploy/ak_seguros_site/shared/tmp/sockets /home/alex/deploy/ak_seguros_site/releases/20160823205441/tmp/sockets
  INFO [f7eff091] Finished in 0.378 seconds with exit status 0 (successful).
 DEBUG [de5db59b] Running [ -L /home/alex/deploy/ak_seguros_site/releases/20160823205441/public/system ] as alex@ak-seguros-site.kutzke.com.br
 DEBUG [de5db59b] Command: [ -L /home/alex/deploy/ak_seguros_site/releases/20160823205441/public/system ]
 DEBUG [de5db59b] Finished in 0.488 seconds with exit status 1 (failed).
 DEBUG [66d7ec30] Running [ -d /home/alex/deploy/ak_seguros_site/releases/20160823205441/public/system ] as alex@ak-seguros-site.kutzke.com.br
 DEBUG [66d7ec30] Command: [ -d /home/alex/deploy/ak_seguros_site/releases/20160823205441/public/system ]
 DEBUG [66d7ec30] Finished in 1.238 seconds with exit status 1 (failed).
  INFO [9fe7c80e] Running /usr/bin/env ln -s /home/alex/deploy/ak_seguros_site/shared/public/system /home/alex/deploy/ak_seguros_site/releases/20160823205441/public/system as alex@ak-seguros-site.kutzke.com.br
 DEBUG [9fe7c80e] Command: /usr/bin/env ln -s /home/alex/deploy/ak_seguros_site/shared/public/system /home/alex/deploy/ak_seguros_site/releases/20160823205441/public/system
  INFO [9fe7c80e] Finished in 0.545 seconds with exit status 0 (successful).
 DEBUG [1eb5cbfc] Running [ -L /home/alex/deploy/ak_seguros_site/releases/20160823205441/public/assets ] as alex@ak-seguros-site.kutzke.com.br
 DEBUG [1eb5cbfc] Command: [ -L /home/alex/deploy/ak_seguros_site/releases/20160823205441/public/assets ]
 DEBUG [1eb5cbfc] Finished in 0.367 seconds with exit status 1 (failed).
 DEBUG [2e6fe651] Running [ -d /home/alex/deploy/ak_seguros_site/releases/20160823205441/public/assets ] as alex@ak-seguros-site.kutzke.com.br
 DEBUG [2e6fe651] Command: [ -d /home/alex/deploy/ak_seguros_site/releases/20160823205441/public/assets ]
 DEBUG [2e6fe651] Finished in 0.369 seconds with exit status 1 (failed).
  INFO [89cb4dac] Running /usr/bin/env ln -s /home/alex/deploy/ak_seguros_site/shared/public/assets /home/alex/deploy/ak_seguros_site/releases/20160823205441/public/assets as alex@ak-seguros-site.kutzke.com.br
 DEBUG [89cb4dac] Command: /usr/bin/env ln -s /home/alex/deploy/ak_seguros_site/shared/public/assets /home/alex/deploy/ak_seguros_site/releases/20160823205441/public/assets
  INFO [89cb4dac] Finished in 0.368 seconds with exit status 0 (successful).
 DEBUG [b44e185e] Running if test ! -d /home/alex/deploy/ak_seguros_site/releases/20160823205441; then echo "Directory does not exist '/home/alex/deploy/ak_seguros_site/releases/20160823205441'" 1>&2; false; fi as alex@ak-seguros-site.kutzke.com.br
 DEBUG [b44e185e] Command: if test ! -d /home/alex/deploy/ak_seguros_site/releases/20160823205441; then echo "Directory does not exist '/home/alex/deploy/ak_seguros_site/releases/20160823205441'" 1>&2; false; fi
 DEBUG [b44e185e] Finished in 0.365 seconds with exit status 0 (successful).
  INFO [050252e6] Running ~/.rvm/bin/rvm 2.2.3@ak-seguros-site do bundle install --path /home/alex/deploy/ak_seguros_site/shared/bundle --without development test --deployment --quiet as alex@ak-seguros-site.kutzke.com.br
 DEBUG [050252e6] Command: cd /home/alex/deploy/ak_seguros_site/releases/20160823205441 && ~/.rvm/bin/rvm 2.2.3@ak-seguros-site do bundle install --path /home/alex/deploy/ak_seguros_site/shared/bundle --without development test --deployment --quiet
  INFO [050252e6] Finished in 1.840 seconds with exit status 0 (successful).
 DEBUG [f64637bb] Running if test ! -d /home/alex/deploy/ak_seguros_site/releases/20160823205441; then echo "Directory does not exist '/home/alex/deploy/ak_seguros_site/releases/20160823205441'" 1>&2; false; fi as alex@ak-seguros-site.kutzke.com.br
 DEBUG [f64637bb] Command: if test ! -d /home/alex/deploy/ak_seguros_site/releases/20160823205441; then echo "Directory does not exist '/home/alex/deploy/ak_seguros_site/releases/20160823205441'" 1>&2; false; fi
 DEBUG [f64637bb] Finished in 0.371 seconds with exit status 0 (successful).
  INFO [4d555a61] Running ~/.rvm/bin/rvm 2.2.3@ak-seguros-site do bundle exec rake assets:precompile as alex@ak-seguros-site.kutzke.com.br
 DEBUG [4d555a61] Command: cd /home/alex/deploy/ak_seguros_site/releases/20160823205441 && ( export RAILS_ENV="production" ; ~/.rvm/bin/rvm 2.2.3@ak-seguros-site do bundle exec rake assets:precompile )
 DEBUG [4d555a61] 	rake aborted!
 DEBUG [4d555a61] 	LoadError: cannot load such file -- byebug
 DEBUG [4d555a61] 	/home/alex/deploy/ak_seguros_site/shared/bundle/ruby/2.2.0/gems/activesupport-5.0.0/lib/active_support/dependencies.rb:293:in `require'
/home/alex/deploy/ak_seguros_site/shared/bundle/ruby/2.2.0/gems/activesupport-5.0.0/lib/active_support/dependencies.rb:293:in `block in require'
/home/alex/deploy/ak_seguros_site/shared/bundle/ruby/2.2.0/gems/activesupport-5.0.0/lib/active_support/dependencies.rb:259:in `load_dependency'
/home/alex/deploy/ak_seguros_site/shared/bundle/ruby/2.2.0/gems/activesupport-5.0.0/lib/active_support/dependencies.rb:293:in `require'
/home/alex/deploy/ak_seguros_site/shared/bundle/ruby/2.2.0/gems/fipe_api-0.3.0/lib/fipe_api.rb:1:in `<top (required)>'
/home/alex/.rvm/gems/ruby-2.2.3@ak-seguros-site/gems/bundler-1.12.5/lib/bundler/runtime.rb:86:in `require'
/home/alex/.rvm/gems/ruby-2.2.3@ak-seguros-site/gems/bundler-1.12.5/lib/bundler/runtime.rb:86:in `block (2 levels) in require'
/home/alex/.rvm/gems/ruby-2.2.3@ak-seguros-site/gems/bundler-1.12.5/lib/bundler/runtime.rb:81:in `each'
/home/alex/.rvm/gems/ruby-2.2.3@ak-seguros-site/gems/bundler-1.12.5/lib/bundler/runtime.rb:81:in `block in require'
/home/alex/.rvm/gems/ruby-2.2.3@ak-seguros-site/gems/bundler-1.12.5/lib/bundler/runtime.rb:70:in `each'
/home/alex/.rvm/gems/ruby-2.2.3@ak-seguros-site/gems/bundler-1.12.5/lib/bundler/runtime.rb:70:in `require'
/home/alex/.rvm/gems/ruby-2.2.3@ak-seguros-site/gems/bundler-1.12.5/lib/bundler.rb:102:in `require'
/home/alex/deploy/ak_seguros_site/releases/20160823205441/config/application.rb:7:in `<top (required)>'
/home/alex/deploy/ak_seguros_site/releases/20160823205441/Rakefile:4:in `require_relative'
/home/alex/deploy/ak_seguros_site/releases/20160823205441/Rakefile:4:in `<top (required)>'
/home/alex/deploy/ak_seguros_site/shared/bundle/ruby/2.2.0/gems/rake-11.2.2/exe/rake:27:in `<top (required)>'
/home/alex/.rvm/gems/ruby-2.2.3@ak-seguros-site/gems/bundler-1.12.5/lib/bundler/cli/exec.rb:63:in `load'
/home/alex/.rvm/gems/ruby-2.2.3@ak-seguros-site/gems/bundler-1.12.5/lib/bundler/cli/exec.rb:63:in `kernel_load'
/home/alex/.rvm/gems/ruby-2.2.3@ak-seguros-site/gems/bundler-1.12.5/lib/bundler/cli/exec.rb:24:in `run'
/home/alex/.rvm/gems/ruby-2.2.3@ak-seguros-site/gems/bundler-1.12.5/lib/bundler/cli.rb:304:in `exec'
/home/alex/.rvm/gems/ruby-2.2.3@ak-seguros-site/gems/bundler-1.12.5/lib/bundler/vendor/thor/lib/thor/command.rb:27:in `run'
/home/alex/.rvm/gems/ruby-2.2.3@ak-seguros-site/gems/bundler-1.12.5/lib/bundler/vendor/thor/lib/thor/invocation.rb:126:in `invoke_command'
/home/alex/.rvm/gems/ruby-2.2.3@ak-seguros-site/gems/bundler-1.12.5/lib/bundler/vendor/thor/lib/thor.rb:359:in `dispatch'
/home/alex/.rvm/gems/ruby-2.2.3@ak-seguros-site/gems/bundler-1.12.5/lib/bundler/vendor/thor/lib/thor/base.rb:440:in `start'
/home/alex/.rvm/gems/ruby-2.2.3@ak-seguros-site/gems/bundler-1.12.5/lib/bundler/cli.rb:11:in `start'
/home/alex/.rvm/gems/ruby-2.2.3@ak-seguros-site/gems/bundler-1.12.5/exe/bundle:27:in `block in <top (required)>'
/home/alex/.rvm/gems/ruby-2.2.3@ak-seguros-site/gems/bundler-1.12.5/lib/bundler/friendly_errors.rb:98:in `with_friendly_errors'
/home/alex/.rvm/gems/ruby-2.2.3@ak-seguros-site/gems/bundler-1.12.5/exe/bundle:19:in `<top (required)>'
/home/alex/.rvm/gems/ruby-2.2.3@ak-seguros-site/bin/bundle:23:in `load'
/home/alex/.rvm/gems/ruby-2.2.3@ak-seguros-site/bin/bundle:23:in `<main>'
/home/alex/.rvm/gems/ruby-2.2.3@ak-seguros-site/bin/ruby_executable_hooks:15:in `eval'
/home/alex/.rvm/gems/ruby-2.2.3@ak-seguros-site/bin/ruby_executable_hooks:15:in `<main>'
 DEBUG [4d555a61] 	(See full trace by running task with --trace)
